{"sessionId": "ef9114", "hypothesisId": "K8S", "location": "resources.py:get_k8s_overview", "message": "k8s overview endpoint hit", "data": {"connection_id": "conn-k8s-staging"}, "timestamp": 1775629508.8748639}
{"sessionId": "ef9114", "hypothesisId": "K8S", "location": "resources.py:get_k8s_overview:context", "message": "resolved connection context", "data": {"conn_id": "conn-k8s-staging", "has_creds": true, "cred_keys": ["secret_type", "kubeconfig"]}, "timestamp": 1775629509.1299744}
{"sessionId": "ef9114", "hypothesisId": "H3", "location": "resources.py:get_vcenter_overview", "message": "vcenter overview endpoint hit", "data": {"connection_id": "conn-vcenter-prod"}, "timestamp": 1775629534.3763676}
{"sessionId": "ef9114", "hypothesisId": "K8S", "location": "resources.py:get_k8s_overview", "message": "k8s overview endpoint hit", "data": {"connection_id": "conn-k8s-staging"}, "timestamp": 1775629563.6767573}
{"sessionId": "ef9114", "hypothesisId": "K8S", "location": "resources.py:get_k8s_overview:context", "message": "resolved connection context", "data": {"conn_id": "conn-k8s-staging", "has_creds": true, "cred_keys": ["secret_type", "kubeconfig"]}, "timestamp": 1775629563.8917005}
{"sessionId": "ef9114", "hypothesisId": "H3", "location": "resources.py:get_vcenter_overview", "message": "vcenter overview endpoint hit", "data": {"connection_id": "conn-vcenter-prod"}, "timestamp": 1775629707.1838794}
{"sessionId": "ef9114", "hypothesisId": "K8S", "location": "resources.py:get_k8s_overview", "message": "k8s overview endpoint hit", "data": {"connection_id": "conn-k8s-staging"}, "timestamp": 1775629708.225457}
{"sessionId": "ef9114", "hypothesisId": "K8S", "location": "resources.py:get_k8s_overview:context", "message": "resolved connection context", "data": {"conn_id": "conn-k8s-staging", "has_creds": true, "cred_keys": ["secret_type", "kubeconfig"]}, "timestamp": 1775629708.987892}
{"sessionId": "ef9114", "hypothesisId": "H3", "location": "resources.py:get_vcenter_overview", "message": "vcenter overview endpoint hit", "data": {"connection_id": "conn-vcenter-prod"}, "timestamp": 1775629714.9095173}
{"sessionId": "ef9114", "hypothesisId": "H3", "location": "resources.py:get_vcenter_overview", "message": "vcenter overview endpoint hit", "data": {"connection_id": "conn-vcenter-prod"}, "timestamp": 1775630880.2337105}
{"sessionId": "ef9114", "hypothesisId": "H3", "location": "resources.py:get_vcenter_overview", "message": "vcenter overview endpoint hit", "data": {"connection_id": "conn-vcenter-prod"}, "timestamp": 1775631018.0584152}
{"sessionId": "ef9114", "hypothesisId": "K8S", "location": "resources.py:get_k8s_overview", "message": "k8s overview endpoint hit", "data": {"connection_id": "conn-k8s-staging"}, "timestamp": 1775634545.390788}
{"sessionId": "ef9114", "hypothesisId": "K8S", "location": "resources.py:get_k8s_overview:context", "message": "resolved connection context", "data": {"conn_id": "conn-k8s-staging", "has_creds": true, "cred_keys": ["secret_type", "kubeconfig"]}, "timestamp": 1775634545.669385}
{"sessionId": "ef9114", "hypothesisId": "H2", "location": "resources.py:module_load", "message": "resources router module loaded successfully", "timestamp": 1775635484.2373211}
{"sessionId": "ef9114", "hypothesisId": "H1", "location": "main.py:include_router", "message": "resources router included in app", "data": {"routes": ["/resources/vcenter/overview", "/resources/vcenter/inventory", "/resources/k8s/overview", "/resources/k8s/workloads"]}, "timestamp": 1775635484.2790625}
{"sessionId": "ef9114", "hypothesisId": "H2", "location": "resources.py:module_load", "message": "resources router module loaded successfully", "timestamp": 1775635783.8029373}
{"sessionId": "ef9114", "hypothesisId": "H1", "location": "main.py:include_router", "message": "resources router included in app", "data": {"routes": ["/resources/vcenter/overview", "/resources/vcenter/inventory", "/resources/k8s/overview", "/resources/k8s/workloads"]}, "timestamp": 1775635783.8559163}
{"sessionId": "ef9114", "hypothesisId": "H3", "location": "resources.py:get_vcenter_overview", "message": "vcenter overview endpoint hit", "data": {"connection_id": "conn-vcenter-prod"}, "timestamp": 1775637588.582315}
{"sessionId": "ef9114", "hypothesisId": "H3", "location": "resources.py:get_vcenter_overview", "message": "vcenter overview endpoint hit", "data": {"connection_id": "conn-vcenter-prod"}, "timestamp": 1775637669.3795254}
{"sessionId": "ef9114", "hypothesisId": "H3", "location": "resources.py:get_vcenter_overview", "message": "vcenter overview endpoint hit", "data": {"connection_id": null}, "timestamp": 1775639088.6235042}
{"sessionId": "ef9114", "hypothesisId": "H3", "location": "resources.py:get_vcenter_overview", "message": "vcenter overview endpoint hit", "data": {"connection_id": null}, "timestamp": 1775639204.9366965}
{"sessionId": "ef9114", "hypothesisId": "H3", "location": "resources.py:get_vcenter_overview", "message": "vcenter overview endpoint hit", "data": {"connection_id": null}, "timestamp": 1775639354.532482}
{"sessionId": "ef9114", "hypothesisId": "H2", "location": "resources.py:module_load", "message": "resources router module loaded successfully", "timestamp": 1775639865.3968334}
{"sessionId": "ef9114", "hypothesisId": "H1", "location": "main.py:include_router", "message": "resources router included in app", "data": {"routes": ["/resources/vcenter/overview", "/resources/vcenter/inventory", "/resources/k8s/overview", "/resources/k8s/workloads"]}, "timestamp": 1775639865.4403138}
{"sessionId": "ef9114", "hypothesisId": "H3", "location": "resources.py:get_vcenter_overview", "message": "vcenter overview endpoint hit", "data": {"connection_id": null}, "timestamp": 1775639889.6723287}
{"sessionId": "ef9114", "hypothesisId": "H2", "location": "resources.py:module_load", "message": "resources router module loaded successfully", "timestamp": 1775639926.2329006}
{"sessionId": "ef9114", "hypothesisId": "H1", "location": "main.py:include_router", "message": "resources router included in app", "data": {"routes": ["/resources/vcenter/overview", "/resources/vcenter/inventory", "/resources/k8s/overview", "/resources/k8s/workloads"]}, "timestamp": 1775639926.2718217}
{"sessionId": "ef9114", "hypothesisId": "H3", "location": "resources.py:get_vcenter_overview", "message": "vcenter overview endpoint hit", "data": {"connection_id": null}, "timestamp": 1775639936.1618085}
{"sessionId": "ef9114", "hypothesisId": "H2", "location": "resources.py:module_load", "message": "resources router module loaded successfully", "timestamp": 1775642860.0309122}
{"sessionId": "ef9114", "hypothesisId": "H1", "location": "main.py:include_router", "message": "resources router included in app", "data": {"routes": ["/resources/vcenter/overview", "/resources/vcenter/inventory", "/resources/k8s/overview", "/resources/k8s/workloads"]}, "timestamp": 1775642860.0707474}
{"sessionId": "ef9114", "hypothesisId": "H3", "location": "resources.py:get_vcenter_overview", "message": "vcenter overview endpoint hit", "data": {"connection_id": "conn-vcenter-prod"}, "timestamp": 1775642927.189205}
{"sessionId": "ef9114", "hypothesisId": "H3", "location": "resources.py:get_vcenter_overview", "message": "vcenter overview endpoint hit", "data": {"connection_id": "conn-vcenter-prod"}, "timestamp": 1775642953.1908507}
{"sessionId": "ef9114", "hypothesisId": "H3", "location": "resources.py:get_vcenter_overview", "message": "vcenter overview endpoint hit", "data": {"connection_id": "conn-vcenter-dr"}, "timestamp": 1775642959.2384331}
{"sessionId": "ef9114", "hypothesisId": "H3", "location": "resources.py:get_vcenter_overview", "message": "vcenter overview endpoint hit", "data": {"connection_id": "conn-vcenter-prod"}, "timestamp": 1775642962.2047925}
{"sessionId": "ef9114", "hypothesisId": "H3", "location": "resources.py:get_vcenter_overview", "message": "vcenter overview endpoint hit", "data": {"connection_id": "conn-vcenter-prod"}, "timestamp": 1775642997.7798913}
{"sessionId": "ef9114", "hypothesisId": "H3", "location": "resources.py:get_vcenter_overview", "message": "vcenter overview endpoint hit", "data": {"connection_id": "conn-vcenter-prod"}, "timestamp": 1775643017.4413795}
{"sessionId": "ef9114", "hypothesisId": "H3", "location": "resources.py:get_vcenter_overview", "message": "vcenter overview endpoint hit", "data": {"connection_id": null}, "timestamp": 1775643152.6158476}
{"sessionId": "ef9114", "hypothesisId": "H2", "location": "resources.py:module_load", "message": "resources router module loaded successfully", "timestamp": 1775643159.7180295}
{"sessionId": "ef9114", "hypothesisId": "H1", "location": "main.py:include_router", "message": "resources router included in app", "data": {"routes": ["/resources/vcenter/overview", "/resources/vcenter/inventory", "/resources/k8s/overview", "/resources/k8s/workloads"]}, "timestamp": 1775643159.7570846}
{"sessionId": "ef9114", "hypothesisId": "H2", "location": "resources.py:module_load", "message": "resources router module loaded successfully", "timestamp": 1775643182.0774534}
{"sessionId": "ef9114", "hypothesisId": "H1", "location": "main.py:include_router", "message": "resources router included in app", "data": {"routes": ["/resources/vcenter/overview", "/resources/vcenter/inventory", "/resources/k8s/overview", "/resources/k8s/workloads"]}, "timestamp": 1775643182.1179712}
{"sessionId": "ef9114", "hypothesisId": "H3", "location": "resources.py:get_vcenter_overview", "message": "vcenter overview endpoint hit", "data": {"connection_id": "conn-vcenter-prod"}, "timestamp": 1775643200.2798276}
{"sessionId": "ef9114", "hypothesisId": "H3", "location": "resources.py:get_vcenter_overview", "message": "vcenter overview endpoint hit", "data": {"connection_id": null}, "timestamp": 1775643209.9249427}
{"sessionId": "ef9114", "hypothesisId": "H3", "location": "resources.py:get_vcenter_overview", "message": "vcenter overview endpoint hit", "data": {"connection_id": "conn-vcenter-prod"}, "timestamp": 1775643297.2218122}
{"sessionId": "ef9114", "hypothesisId": "H3", "location": "resources.py:get_vcenter_overview", "message": "vcenter overview endpoint hit", "data": {"connection_id": "conn-vcenter-prod"}, "timestamp": 1775643317.0142372}
{"sessionId": "ef9114", "hypothesisId": "H3", "location": "resources.py:get_vcenter_overview", "message": "vcenter overview endpoint hit", "data": {"connection_id": "conn-vcenter-prod"}, "timestamp": 1775643327.571681}
{"sessionId": "ef9114", "hypothesisId": "H3", "location": "resources.py:get_vcenter_overview", "message": "vcenter overview endpoint hit", "data": {"connection_id": "conn-vcenter-prod"}, "timestamp": 1775643402.8778849}
{"sessionId": "ef9114", "hypothesisId": "H3", "location": "resources.py:get_vcenter_overview", "message": "vcenter overview endpoint hit", "data": {"connection_id": "conn-vcenter-prod"}, "timestamp": 1775643414.893332}
{"sessionId": "ef9114", "hypothesisId": "H2", "location": "resources.py:module_load", "message": "resources router module loaded successfully", "timestamp": 1775643542.6597037}
{"sessionId": "ef9114", "hypothesisId": "H1", "location": "main.py:include_router", "message": "resources router included in app", "data": {"routes": ["/resources/vcenter/overview", "/resources/vcenter/inventory", "/resources/k8s/overview", "/resources/k8s/workloads"]}, "timestamp": 1775643542.7003145}
{"sessionId": "ef9114", "hypothesisId": "H3", "location": "resources.py:get_vcenter_overview", "message": "vcenter overview endpoint hit", "data": {"connection_id": "conn-vcenter-prod"}, "timestamp": 1775644174.0233958}
{"sessionId": "ef9114", "hypothesisId": "H3", "location": "resources.py:get_vcenter_overview", "message": "vcenter overview endpoint hit", "data": {"connection_id": "conn-vcenter-prod"}, "timestamp": 1775644203.2236972}
{"sessionId": "ef9114", "hypothesisId": "K8S", "location": "resources.py:get_k8s_overview", "message": "k8s overview endpoint hit", "data": {"connection_id": "conn-k8s-staging"}, "timestamp": 1775644208.7860026}
{"sessionId": "ef9114", "hypothesisId": "K8S", "location": "resources.py:get_k8s_overview:context", "message": "resolved connection context", "data": {"conn_id": "conn-k8s-staging", "has_creds": true, "cred_keys": ["secret_type", "kubeconfig"]}, "timestamp": 1775644209.338631}
{"sessionId": "ef9114", "hypothesisId": "K8S", "location": "resources.py:get_k8s_overview:error", "message": "k8s overview failed", "data": {"error": "upstream request failed: All connection attempts failed", "type": "RuntimeError"}, "timestamp": 1775644212.5511355}
{"sessionId": "ef9114", "hypothesisId": "H3", "location": "resources.py:get_vcenter_overview", "message": "vcenter overview endpoint hit", "data": {"connection_id": "conn-vcenter-prod"}, "timestamp": 1775644227.3980942}
{"sessionId": "ef9114", "hypothesisId": "H3", "location": "resources.py:get_vcenter_overview", "message": "vcenter overview endpoint hit", "data": {"connection_id": "conn-vcenter-prod"}, "timestamp": 1775644242.0814788}
{"sessionId": "ef9114", "hypothesisId": "H3", "location": "resources.py:get_vcenter_overview", "message": "vcenter overview endpoint hit", "data": {"connection_id": "conn-vcenter-prod"}, "timestamp": 1775644268.7558753}
{"sessionId": "ef9114", "hypothesisId": "H3", "location": "resources.py:get_vcenter_overview", "message": "vcenter overview endpoint hit", "data": {"connection_id": "conn-vcenter-prod"}, "timestamp": 1775644381.039251}
{"sessionId": "ef9114", "hypothesisId": "H2", "location": "resources.py:module_load", "message": "resources router module loaded successfully", "timestamp": 1775644704.2710605}
{"sessionId": "ef9114", "hypothesisId": "H1", "location": "main.py:include_router", "message": "resources router included in app", "data": {"routes": ["/resources/vcenter/overview", "/resources/vcenter/inventory", "/resources/k8s/overview", "/resources/k8s/workloads"]}, "timestamp": 1775644704.3215737}
{"sessionId": "ef9114", "hypothesisId": "H3", "location": "resources.py:get_vcenter_overview", "message": "vcenter overview endpoint hit", "data": {"connection_id": "conn-vcenter-prod"}, "timestamp": 1775662646.5796528}
{"sessionId": "ef9114", "hypothesisId": "H3", "location": "resources.py:get_vcenter_overview", "message": "vcenter overview endpoint hit", "data": {"connection_id": "conn-vcenter-prod"}, "timestamp": 1775662710.9265585}
{"sessionId": "ef9114", "hypothesisId": "H3", "location": "resources.py:get_vcenter_overview", "message": "vcenter overview endpoint hit", "data": {"connection_id": "conn-vcenter-prod"}, "timestamp": 1775664636.0039368}
{"sessionId": "ef9114", "hypothesisId": "H3", "location": "resources.py:get_vcenter_overview", "message": "vcenter overview endpoint hit", "data": {"connection_id": "conn-vcenter-prod"}, "timestamp": 1775664654.855536}
{"sessionId": "ef9114", "hypothesisId": "H3", "location": "resources.py:get_vcenter_overview", "message": "vcenter overview endpoint hit", "data": {"connection_id": "conn-vcenter-prod"}, "timestamp": 1775664680.4886293}
{"sessionId": "ef9114", "hypothesisId": "H3", "location": "resources.py:get_vcenter_overview", "message": "vcenter overview endpoint hit", "data": {"connection_id": "conn-vcenter-prod"}, "timestamp": 1775664688.2486477}
{"sessionId": "ef9114", "hypothesisId": "H3", "location": "resources.py:get_vcenter_overview", "message": "vcenter overview endpoint hit", "data": {"connection_id": "conn-vcenter-prod"}, "timestamp": 1775664773.8408208}
{"sessionId": "ef9114", "hypothesisId": "H3", "location": "resources.py:get_vcenter_overview", "message": "vcenter overview endpoint hit", "data": {"connection_id": "conn-vcenter-prod"}, "timestamp": 1775664785.2942588}
{"sessionId": "ef9114", "hypothesisId": "H3", "location": "resources.py:get_vcenter_overview", "message": "vcenter overview endpoint hit", "data": {"connection_id": "conn-vcenter-prod"}, "timestamp": 1775665243.6029174}
{"sessionId": "ef9114", "hypothesisId": "H3", "location": "resources.py:get_vcenter_overview", "message": "vcenter overview endpoint hit", "data": {"connection_id": "conn-vcenter-prod"}, "timestamp": 1775665507.7070198}
{"sessionId": "ef9114", "hypothesisId": "H2", "location": "resources.py:module_load", "message": "resources router module loaded successfully", "timestamp": 1775666052.845099}
{"sessionId": "ef9114", "hypothesisId": "H1", "location": "main.py:include_router", "message": "resources router included in app", "data": {"routes": ["/resources/vcenter/overview", "/resources/vcenter/inventory", "/resources/k8s/overview", "/resources/k8s/workloads"]}, "timestamp": 1775666052.8830361}
{"sessionId": "ef9114", "hypothesisId": "H3", "location": "resources.py:get_vcenter_overview", "message": "vcenter overview endpoint hit", "data": {"connection_id": "conn-vcenter-prod"}, "timestamp": 1775666168.3234842}
{"sessionId": "ef9114", "hypothesisId": "H3", "location": "resources.py:get_vcenter_overview", "message": "vcenter overview endpoint hit", "data": {"connection_id": "conn-vcenter-prod"}, "timestamp": 1775666178.5570972}
{"sessionId": "ef9114", "hypothesisId": "H3", "location": "resources.py:get_vcenter_overview", "message": "vcenter overview endpoint hit", "data": {"connection_id": "conn-vcenter-prod"}, "timestamp": 1775666188.0107758}
{"sessionId": "ef9114", "hypothesisId": "H2", "location": "resources.py:module_load", "message": "resources router module loaded successfully", "timestamp": 1775694370.1172822}
{"sessionId": "ef9114", "hypothesisId": "H1", "location": "main.py:include_router", "message": "resources router included in app", "data": {"routes": ["/resources/vcenter/overview", "/resources/vcenter/inventory", "/resources/k8s/overview", "/resources/k8s/workloads"]}, "timestamp": 1775694370.158637}
{"sessionId": "ef9114", "hypothesisId": "H3", "location": "resources.py:get_vcenter_overview", "message": "vcenter overview endpoint hit", "data": {"connection_id": "conn-vcenter-prod"}, "timestamp": 1775694434.5384142}
{"sessionId": "ef9114", "hypothesisId": "H3", "location": "resources.py:get_vcenter_overview", "message": "vcenter overview endpoint hit", "data": {"connection_id": "conn-vcenter-prod"}, "timestamp": 1775694553.7572849}
{"sessionId": "ef9114", "hypothesisId": "H2", "location": "resources.py:module_load", "message": "resources router module loaded successfully", "timestamp": 1775696587.0344324}
{"sessionId": "ef9114", "hypothesisId": "H1", "location": "main.py:include_router", "message": "resources router included in app", "data": {"routes": ["/resources/vcenter/overview", "/resources/vcenter/inventory", "/resources/k8s/overview", "/resources/k8s/workloads"]}, "timestamp": 1775696587.0826101}
{"sessionId": "ef9114", "hypothesisId": "H1", "location": "main.py:include_router", "message": "resources router included in app", "data": {"routes": ["/resources/vcenter/overview", "/resources/vcenter/inventory", "/resources/k8s/overview", "/resources/k8s/workloads"]}, "timestamp": 1775696587.1535199}
{"sessionId": "ef9114", "hypothesisId": "H2", "location": "resources.py:module_load", "message": "resources router module loaded successfully", "timestamp": 1775696587.20904}
{"sessionId": "ef9114", "hypothesisId": "H1", "location": "main.py:include_router", "message": "resources router included in app", "data": {"routes": ["/resources/vcenter/overview", "/resources/vcenter/inventory", "/resources/k8s/overview", "/resources/k8s/workloads"]}, "timestamp": 1775696587.244048}
{"sessionId": "ef9114", "hypothesisId": "H1", "location": "main.py:include_router", "message": "resources router included in app", "data": {"routes": ["/resources/vcenter/overview", "/resources/vcenter/inventory", "/resources/k8s/overview", "/resources/k8s/workloads"]}, "timestamp": 1775696587.2849197}
{"sessionId": "ef9114", "hypothesisId": "H2", "location": "resources.py:module_load", "message": "resources router module loaded successfully", "timestamp": 1775696587.338356}
{"sessionId": "ef9114", "hypothesisId": "H1", "location": "main.py:include_router", "message": "resources router included in app", "data": {"routes": ["/resources/vcenter/overview", "/resources/vcenter/inventory", "/resources/k8s/overview", "/resources/k8s/workloads"]}, "timestamp": 1775696587.3757875}
{"sessionId": "ef9114", "hypothesisId": "H1", "location": "main.py:include_router", "message": "resources router included in app", "data": {"routes": ["/resources/vcenter/overview", "/resources/vcenter/inventory", "/resources/k8s/overview", "/resources/k8s/workloads"]}, "timestamp": 1775696587.4089544}
{"sessionId": "ef9114", "hypothesisId": "H2", "location": "resources.py:module_load", "message": "resources router module loaded successfully", "timestamp": 1775696589.8143427}
{"sessionId": "ef9114", "hypothesisId": "H1", "location": "main.py:include_router", "message": "resources router included in app", "data": {"routes": ["/resources/vcenter/overview", "/resources/vcenter/inventory", "/resources/k8s/overview", "/resources/k8s/workloads"]}, "timestamp": 1775696589.8494768}
{"sessionId": "ef9114", "hypothesisId": "H1", "location": "main.py:include_router", "message": "resources router included in app", "data": {"routes": ["/resources/vcenter/overview", "/resources/vcenter/inventory", "/resources/k8s/overview", "/resources/k8s/workloads"]}, "timestamp": 1775696589.8829975}
{"sessionId": "ef9114", "hypothesisId": "H2", "location": "resources.py:module_load", "message": "resources router module loaded successfully", "timestamp": 1775696592.2370121}
{"sessionId": "ef9114", "hypothesisId": "H1", "location": "main.py:include_router", "message": "resources router included in app", "data": {"routes": ["/resources/vcenter/overview", "/resources/vcenter/inventory", "/resources/k8s/overview", "/resources/k8s/workloads"]}, "timestamp": 1775696592.2740195}
{"sessionId": "ef9114", "hypothesisId": "H1", "location": "main.py:include_router", "message": "resources router included in app", "data": {"routes": ["/resources/vcenter/overview", "/resources/vcenter/inventory", "/resources/k8s/overview", "/resources/k8s/workloads"]}, "timestamp": 1775696592.304564}
{"sessionId": "ef9114", "hypothesisId": "H2", "location": "resources.py:module_load", "message": "resources router module loaded successfully", "timestamp": 1775696594.735004}
{"sessionId": "ef9114", "hypothesisId": "H1", "location": "main.py:include_router", "message": "resources router included in app", "data": {"routes": ["/resources/vcenter/overview", "/resources/vcenter/inventory", "/resources/k8s/overview", "/resources/k8s/workloads"]}, "timestamp": 1775696594.7680087}
{"sessionId": "ef9114", "hypothesisId": "H1", "location": "main.py:include_router", "message": "resources router included in app", "data": {"routes": ["/resources/vcenter/overview", "/resources/vcenter/inventory", "/resources/k8s/overview", "/resources/k8s/workloads"]}, "timestamp": 1775696594.7940166}
{"sessionId": "ef9114", "hypothesisId": "H2", "location": "resources.py:module_load", "message": "resources router module loaded successfully", "timestamp": 1775696594.8698697}
{"sessionId": "ef9114", "hypothesisId": "H1", "location": "main.py:include_router", "message": "resources router included in app", "data": {"routes": ["/resources/vcenter/overview", "/resources/vcenter/inventory", "/resources/k8s/overview", "/resources/k8s/workloads"]}, "timestamp": 1775696594.9042995}
{"sessionId": "ef9114", "hypothesisId": "H1", "location": "main.py:include_router", "message": "resources router included in app", "data": {"routes": ["/resources/vcenter/overview", "/resources/vcenter/inventory", "/resources/k8s/overview", "/resources/k8s/workloads"]}, "timestamp": 1775696594.9443045}
{"sessionId": "ef9114", "hypothesisId": "H2", "location": "resources.py:module_load", "message": "resources router module loaded successfully", "timestamp": 1775696615.695691}
{"sessionId": "ef9114", "hypothesisId": "H1", "location": "main.py:include_router", "message": "resources router included in app", "data": {"routes": ["/resources/vcenter/overview", "/resources/vcenter/inventory", "/resources/k8s/overview", "/resources/k8s/workloads"]}, "timestamp": 1775696615.7580533}
{"sessionId": "ef9114", "hypothesisId": "H1", "location": "main.py:include_router", "message": "resources router included in app", "data": {"routes": ["/resources/vcenter/overview", "/resources/vcenter/inventory", "/resources/k8s/overview", "/resources/k8s/workloads"]}, "timestamp": 1775696615.787063}
{"sessionId": "ef9114", "hypothesisId": "H2", "location": "resources.py:module_load", "message": "resources router module loaded successfully", "timestamp": 1775696615.8431547}
{"sessionId": "ef9114", "hypothesisId": "H1", "location": "main.py:include_router", "message": "resources router included in app", "data": {"routes": ["/resources/vcenter/overview", "/resources/vcenter/inventory", "/resources/k8s/overview", "/resources/k8s/workloads"]}, "timestamp": 1775696615.9232178}
{"sessionId": "ef9114", "hypothesisId": "H1", "location": "main.py:include_router", "message": "resources router included in app", "data": {"routes": ["/resources/vcenter/overview", "/resources/vcenter/inventory", "/resources/k8s/overview", "/resources/k8s/workloads"]}, "timestamp": 1775696615.9570136}
{"sessionId": "ef9114", "hypothesisId": "H2", "location": "resources.py:module_load", "message": "resources router module loaded successfully", "timestamp": 1775696639.4218712}
{"sessionId": "ef9114", "hypothesisId": "H1", "location": "main.py:include_router", "message": "resources router included in app", "data": {"routes": ["/resources/vcenter/overview", "/resources/vcenter/inventory", "/resources/k8s/overview", "/resources/k8s/workloads"]}, "timestamp": 1775696639.4692097}
{"sessionId": "ef9114", "hypothesisId": "H1", "location": "main.py:include_router", "message": "resources router included in app", "data": {"routes": ["/resources/vcenter/overview", "/resources/vcenter/inventory", "/resources/k8s/overview", "/resources/k8s/workloads"]}, "timestamp": 1775696639.49799}
{"sessionId": "ef9114", "hypothesisId": "H2", "location": "resources.py:module_load", "message": "resources router module loaded successfully", "timestamp": 1775696639.589134}
{"sessionId": "ef9114", "hypothesisId": "H1", "location": "main.py:include_router", "message": "resources router included in app", "data": {"routes": ["/resources/vcenter/overview", "/resources/vcenter/inventory", "/resources/k8s/overview", "/resources/k8s/workloads"]}, "timestamp": 1775696639.6336617}
{"sessionId": "ef9114", "hypothesisId": "H1", "location": "main.py:include_router", "message": "resources router included in app", "data": {"routes": ["/resources/vcenter/overview", "/resources/vcenter/inventory", "/resources/k8s/overview", "/resources/k8s/workloads"]}, "timestamp": 1775696639.6669497}
{"sessionId": "ef9114", "hypothesisId": "H2", "location": "resources.py:module_load", "message": "resources router module loaded successfully", "timestamp": 1775696639.7220151}
{"sessionId": "ef9114", "hypothesisId": "H1", "location": "main.py:include_router", "message": "resources router included in app", "data": {"routes": ["/resources/vcenter/overview", "/resources/vcenter/inventory", "/resources/k8s/overview", "/resources/k8s/workloads"]}, "timestamp": 1775696639.7651637}
{"sessionId": "ef9114", "hypothesisId": "H1", "location": "main.py:include_router", "message": "resources router included in app", "data": {"routes": ["/resources/vcenter/overview", "/resources/vcenter/inventory", "/resources/k8s/overview", "/resources/k8s/workloads"]}, "timestamp": 1775696639.7951746}
{"sessionId": "ef9114", "hypothesisId": "H2", "location": "resources.py:module_load", "message": "resources router module loaded successfully", "timestamp": 1775696642.1659951}
{"sessionId": "ef9114", "hypothesisId": "H1", "location": "main.py:include_router", "message": "resources router included in app", "data": {"routes": ["/resources/vcenter/overview", "/resources/vcenter/inventory", "/resources/k8s/overview", "/resources/k8s/workloads"]}, "timestamp": 1775696642.2003853}
{"sessionId": "ef9114", "hypothesisId": "H1", "location": "main.py:include_router", "message": "resources router included in app", "data": {"routes": ["/resources/vcenter/overview", "/resources/vcenter/inventory", "/resources/k8s/overview", "/resources/k8s/workloads"]}, "timestamp": 1775696642.2407079}
{"sessionId": "ef9114", "hypothesisId": "H2", "location": "resources.py:module_load", "message": "resources router module loaded successfully", "timestamp": 1775696644.5894132}
{"sessionId": "ef9114", "hypothesisId": "H1", "location": "main.py:include_router", "message": "resources router included in app", "data": {"routes": ["/resources/vcenter/overview", "/resources/vcenter/inventory", "/resources/k8s/overview", "/resources/k8s/workloads"]}, "timestamp": 1775696644.626934}
{"sessionId": "ef9114", "hypothesisId": "H1", "location": "main.py:include_router", "message": "resources router included in app", "data": {"routes": ["/resources/vcenter/overview", "/resources/vcenter/inventory", "/resources/k8s/overview", "/resources/k8s/workloads"]}, "timestamp": 1775696644.6604555}
{"sessionId": "ef9114", "hypothesisId": "H2", "location": "resources.py:module_load", "message": "resources router module loaded successfully", "timestamp": 1775696647.03205}
{"sessionId": "ef9114", "hypothesisId": "H1", "location": "main.py:include_router", "message": "resources router included in app", "data": {"routes": ["/resources/vcenter/overview", "/resources/vcenter/inventory", "/resources/k8s/overview", "/resources/k8s/workloads"]}, "timestamp": 1775696647.1207016}
{"sessionId": "ef9114", "hypothesisId": "H1", "location": "main.py:include_router", "message": "resources router included in app", "data": {"routes": ["/resources/vcenter/overview", "/resources/vcenter/inventory", "/resources/k8s/overview", "/resources/k8s/workloads"]}, "timestamp": 1775696647.1507983}
{"sessionId": "ef9114", "hypothesisId": "H2", "location": "resources.py:module_load", "message": "resources router module loaded successfully", "timestamp": 1775696647.197801}
{"sessionId": "ef9114", "hypothesisId": "H1", "location": "main.py:include_router", "message": "resources router included in app", "data": {"routes": ["/resources/vcenter/overview", "/resources/vcenter/inventory", "/resources/k8s/overview", "/resources/k8s/workloads"]}, "timestamp": 1775696647.2321048}
{"sessionId": "ef9114", "hypothesisId": "H1", "location": "main.py:include_router", "message": "resources router included in app", "data": {"routes": ["/resources/vcenter/overview", "/resources/vcenter/inventory", "/resources/k8s/overview", "/resources/k8s/workloads"]}, "timestamp": 1775696647.2607172}
{"sessionId": "ef9114", "hypothesisId": "H2", "location": "resources.py:module_load", "message": "resources router module loaded successfully", "timestamp": 1775696908.1039762}
{"sessionId": "ef9114", "hypothesisId": "H1", "location": "main.py:include_router", "message": "resources router included in app", "data": {"routes": ["/resources/vcenter/overview", "/resources/vcenter/inventory", "/resources/k8s/overview", "/resources/k8s/workloads"]}, "timestamp": 1775696908.1436906}
{"sessionId": "ef9114", "hypothesisId": "H2", "location": "resources.py:module_load", "message": "resources router module loaded successfully", "timestamp": 1775697113.1858609}
{"sessionId": "ef9114", "hypothesisId": "H1", "location": "main.py:include_router", "message": "resources router included in app", "data": {"routes": ["/resources/vcenter/overview", "/resources/vcenter/inventory", "/resources/k8s/overview", "/resources/k8s/workloads"]}, "timestamp": 1775697113.2248492}
{"sessionId": "ef9114", "hypothesisId": "H1", "location": "main.py:include_router", "message": "resources router included in app", "data": {"routes": ["/resources/vcenter/overview", "/resources/vcenter/inventory", "/resources/vcenter/inventory/export", "/resources/k8s/overview", "/resources/k8s/workloads"]}, "timestamp": 1775699062.5422223}
{"sessionId": "ef9114", "hypothesisId": "H1", "location": "main.py:include_router", "message": "resources router included in app", "data": {"routes": ["/resources/vcenter/overview", "/resources/vcenter/inventory", "/resources/vcenter/inventory/export", "/resources/k8s/overview", "/resources/k8s/workloads"]}, "timestamp": 1775699062.6099017}
{"sessionId": "ef9114", "hypothesisId": "H1", "location": "main.py:include_router", "message": "resources router included in app", "data": {"routes": ["/resources/vcenter/overview", "/resources/vcenter/inventory", "/resources/vcenter/inventory/export", "/resources/k8s/overview", "/resources/k8s/workloads"]}, "timestamp": 1775699062.7011573}
{"sessionId": "ef9114", "hypothesisId": "H1", "location": "main.py:include_router", "message": "resources router included in app", "data": {"routes": ["/resources/vcenter/overview", "/resources/vcenter/inventory", "/resources/vcenter/inventory/export", "/resources/k8s/overview", "/resources/k8s/workloads"]}, "timestamp": 1775699062.7301652}
{"sessionId": "ef9114", "hypothesisId": "H1", "location": "main.py:include_router", "message": "resources router included in app", "data": {"routes": ["/resources/vcenter/overview", "/resources/vcenter/inventory", "/resources/vcenter/inventory/export", "/resources/k8s/overview", "/resources/k8s/workloads"]}, "timestamp": 1775699062.8212335}
{"sessionId": "ef9114", "hypothesisId": "H1", "location": "main.py:include_router", "message": "resources router included in app", "data": {"routes": ["/resources/vcenter/overview", "/resources/vcenter/inventory", "/resources/vcenter/inventory/export", "/resources/k8s/overview", "/resources/k8s/workloads"]}, "timestamp": 1775699062.8607116}
{"sessionId": "ef9114", "hypothesisId": "H1", "location": "main.py:include_router", "message": "resources router included in app", "data": {"routes": ["/resources/vcenter/overview", "/resources/vcenter/inventory", "/resources/vcenter/inventory/export", "/resources/k8s/overview", "/resources/k8s/workloads"]}, "timestamp": 1775699070.7619107}
{"sessionId": "ef9114", "hypothesisId": "H1", "location": "main.py:include_router", "message": "resources router included in app", "data": {"routes": ["/resources/vcenter/overview", "/resources/vcenter/inventory", "/resources/vcenter/inventory/export", "/resources/k8s/overview", "/resources/k8s/workloads"]}, "timestamp": 1775699070.7956986}
{"sessionId": "ef9114", "hypothesisId": "H1", "location": "main.py:include_router", "message": "resources router included in app", "data": {"routes": ["/resources/vcenter/overview", "/resources/vcenter/inventory", "/resources/vcenter/inventory/export", "/resources/k8s/overview", "/resources/k8s/workloads"]}, "timestamp": 1775699079.388385}
{"sessionId": "ef9114", "hypothesisId": "H1", "location": "main.py:include_router", "message": "resources router included in app", "data": {"routes": ["/resources/vcenter/overview", "/resources/vcenter/inventory", "/resources/vcenter/inventory/export", "/resources/k8s/overview", "/resources/k8s/workloads"]}, "timestamp": 1775699079.4853902}
{"sessionId": "ef9114", "hypothesisId": "H1", "location": "main.py:include_router", "message": "resources router included in app", "data": {"routes": ["/resources/vcenter/overview", "/resources/vcenter/inventory", "/resources/vcenter/inventory/export", "/resources/k8s/overview", "/resources/k8s/workloads"]}, "timestamp": 1775699081.417147}
{"sessionId": "ef9114", "hypothesisId": "H1", "location": "main.py:include_router", "message": "resources router included in app", "data": {"routes": ["/resources/vcenter/overview", "/resources/vcenter/inventory", "/resources/vcenter/inventory/export", "/resources/k8s/overview", "/resources/k8s/workloads"]}, "timestamp": 1775699081.4454577}
{"sessionId": "ef9114", "hypothesisId": "H1", "location": "main.py:include_router", "message": "resources router included in app", "data": {"routes": ["/resources/vcenter/overview", "/resources/vcenter/inventory", "/resources/vcenter/inventory/export", "/resources/k8s/overview", "/resources/k8s/workloads"]}, "timestamp": 1775699081.5355287}
{"sessionId": "ef9114", "hypothesisId": "H1", "location": "main.py:include_router", "message": "resources router included in app", "data": {"routes": ["/resources/vcenter/overview", "/resources/vcenter/inventory", "/resources/vcenter/inventory/export", "/resources/k8s/overview", "/resources/k8s/workloads"]}, "timestamp": 1775699081.5638592}
{"sessionId": "ef9114", "hypothesisId": "H1", "location": "main.py:include_router", "message": "resources router included in app", "data": {"routes": ["/resources/vcenter/overview", "/resources/vcenter/inventory", "/resources/vcenter/inventory/export", "/resources/k8s/overview", "/resources/k8s/workloads"]}, "timestamp": 1775699081.6568477}
{"sessionId": "ef9114", "hypothesisId": "H1", "location": "main.py:include_router", "message": "resources router included in app", "data": {"routes": ["/resources/vcenter/overview", "/resources/vcenter/inventory", "/resources/vcenter/inventory/export", "/resources/k8s/overview", "/resources/k8s/workloads"]}, "timestamp": 1775699081.691371}
{"sessionId": "ef9114", "hypothesisId": "H1", "location": "main.py:include_router", "message": "resources router included in app", "data": {"routes": ["/resources/vcenter/overview", "/resources/vcenter/inventory", "/resources/vcenter/inventory/export", "/resources/k8s/overview", "/resources/k8s/workloads"]}, "timestamp": 1775699081.778102}
{"sessionId": "ef9114", "hypothesisId": "H1", "location": "main.py:include_router", "message": "resources router included in app", "data": {"routes": ["/resources/vcenter/overview", "/resources/vcenter/inventory", "/resources/vcenter/inventory/export", "/resources/k8s/overview", "/resources/k8s/workloads"]}, "timestamp": 1775699081.8072278}
{"sessionId": "ef9114", "hypothesisId": "H1", "location": "main.py:include_router", "message": "resources router included in app", "data": {"routes": ["/resources/vcenter/overview", "/resources/vcenter/inventory", "/resources/vcenter/inventory/export", "/resources/k8s/overview", "/resources/k8s/workloads"]}, "timestamp": 1775699081.9642527}
{"sessionId": "ef9114", "hypothesisId": "H1", "location": "main.py:include_router", "message": "resources router included in app", "data": {"routes": ["/resources/vcenter/overview", "/resources/vcenter/inventory", "/resources/vcenter/inventory/export", "/resources/k8s/overview", "/resources/k8s/workloads"]}, "timestamp": 1775699081.9974062}
{"sessionId": "ef9114", "hypothesisId": "H1", "location": "main.py:include_router", "message": "resources router included in app", "data": {"routes": ["/resources/vcenter/overview", "/resources/vcenter/inventory", "/resources/vcenter/inventory/export", "/resources/k8s/overview", "/resources/k8s/workloads"]}, "timestamp": 1775699585.3912272}
{"sessionId": "ef9114", "hypothesisId": "H1", "location": "main.py:include_router", "message": "resources router included in app", "data": {"routes": ["/resources/vcenter/overview", "/resources/vcenter/inventory", "/resources/vcenter/inventory/export", "/resources/k8s/overview", "/resources/k8s/workloads"]}, "timestamp": 1775701046.4505448}
{"sessionId": "ef9114", "hypothesisId": "H1", "location": "main.py:include_router", "message": "resources router included in app", "data": {"routes": ["/resources/vcenter/overview", "/resources/vcenter/inventory", "/resources/vcenter/inventory/export", "/resources/k8s/overview", "/resources/k8s/workloads"]}, "timestamp": 1775701046.4870198}
{"sessionId": "ef9114", "hypothesisId": "H1", "location": "main.py:include_router", "message": "resources router included in app", "data": {"routes": ["/resources/vcenter/overview", "/resources/vcenter/inventory", "/resources/vcenter/inventory/export", "/resources/k8s/overview", "/resources/k8s/workloads"]}, "timestamp": 1775701046.654446}
{"sessionId": "ef9114", "hypothesisId": "H1", "location": "main.py:include_router", "message": "resources router included in app", "data": {"routes": ["/resources/vcenter/overview", "/resources/vcenter/inventory", "/resources/vcenter/inventory/export", "/resources/k8s/overview", "/resources/k8s/workloads"]}, "timestamp": 1775701046.6891313}
{"sessionId": "ef9114", "hypothesisId": "H1", "location": "main.py:include_router", "message": "resources router included in app", "data": {"routes": ["/resources/vcenter/overview", "/resources/vcenter/inventory", "/resources/vcenter/inventory/export", "/resources/k8s/overview", "/resources/k8s/workloads"]}, "timestamp": 1775701046.801159}
{"sessionId": "ef9114", "hypothesisId": "H1", "location": "main.py:include_router", "message": "resources router included in app", "data": {"routes": ["/resources/vcenter/overview", "/resources/vcenter/inventory", "/resources/vcenter/inventory/export", "/resources/k8s/overview", "/resources/k8s/workloads"]}, "timestamp": 1775701046.8351564}
{"sessionId": "ef9114", "hypothesisId": "H1", "location": "main.py:include_router", "message": "resources router included in app", "data": {"routes": ["/resources/vcenter/overview", "/resources/vcenter/inventory", "/resources/vcenter/inventory/export", "/resources/k8s/overview", "/resources/k8s/workloads"]}, "timestamp": 1775701061.7961888}
{"sessionId": "ef9114", "hypothesisId": "H1", "location": "main.py:include_router", "message": "resources router included in app", "data": {"routes": ["/resources/vcenter/overview", "/resources/vcenter/inventory", "/resources/vcenter/inventory/export", "/resources/k8s/overview", "/resources/k8s/workloads"]}, "timestamp": 1775701061.828704}
{"sessionId": "ef9114", "hypothesisId": "H1", "location": "main.py:include_router", "message": "resources router included in app", "data": {"routes": ["/resources/vcenter/overview", "/resources/vcenter/inventory", "/resources/vcenter/inventory/export", "/resources/k8s/overview", "/resources/k8s/workloads"]}, "timestamp": 1775701093.303691}
{"sessionId": "ef9114", "hypothesisId": "H1", "location": "main.py:include_router", "message": "resources router included in app", "data": {"routes": ["/resources/vcenter/overview", "/resources/vcenter/inventory", "/resources/vcenter/inventory/export", "/resources/k8s/overview", "/resources/k8s/workloads"]}, "timestamp": 1775701093.3533635}
{"sessionId": "ef9114", "hypothesisId": "H1", "location": "main.py:include_router", "message": "resources router included in app", "data": {"routes": ["/resources/vcenter/overview", "/resources/vcenter/inventory", "/resources/vcenter/inventory/export", "/resources/k8s/overview", "/resources/k8s/workloads"]}, "timestamp": 1775701110.1803212}
{"sessionId": "ef9114", "hypothesisId": "H1", "location": "main.py:include_router", "message": "resources router included in app", "data": {"routes": ["/resources/vcenter/overview", "/resources/vcenter/inventory", "/resources/vcenter/inventory/export", "/resources/k8s/overview", "/resources/k8s/workloads"]}, "timestamp": 1775701110.2139482}
{"sessionId": "ef9114", "hypothesisId": "H1", "location": "main.py:include_router", "message": "resources router included in app", "data": {"routes": ["/resources/vcenter/overview", "/resources/vcenter/inventory", "/resources/vcenter/inventory/export", "/resources/k8s/overview", "/resources/k8s/workloads"]}, "timestamp": 1775701110.3032944}
{"sessionId": "ef9114", "hypothesisId": "H1", "location": "main.py:include_router", "message": "resources router included in app", "data": {"routes": ["/resources/vcenter/overview", "/resources/vcenter/inventory", "/resources/vcenter/inventory/export", "/resources/k8s/overview", "/resources/k8s/workloads"]}, "timestamp": 1775701110.3313}
{"sessionId": "ef9114", "hypothesisId": "H1", "location": "main.py:include_router", "message": "resources router included in app", "data": {"routes": ["/resources/vcenter/overview", "/resources/vcenter/inventory", "/resources/vcenter/inventory/export", "/resources/k8s/overview", "/resources/k8s/workloads"]}, "timestamp": 1775701110.4412215}
{"sessionId": "ef9114", "hypothesisId": "H1", "location": "main.py:include_router", "message": "resources router included in app", "data": {"routes": ["/resources/vcenter/overview", "/resources/vcenter/inventory", "/resources/vcenter/inventory/export", "/resources/k8s/overview", "/resources/k8s/workloads"]}, "timestamp": 1775701110.4712222}
{"sessionId": "ef9114", "hypothesisId": "H1", "location": "main.py:include_router", "message": "resources router included in app", "data": {"routes": ["/resources/vcenter/overview", "/resources/vcenter/inventory", "/resources/vcenter/inventory/export", "/resources/k8s/overview", "/resources/k8s/workloads"]}, "timestamp": 1775701110.5652359}
{"sessionId": "ef9114", "hypothesisId": "H1", "location": "main.py:include_router", "message": "resources router included in app", "data": {"routes": ["/resources/vcenter/overview", "/resources/vcenter/inventory", "/resources/vcenter/inventory/export", "/resources/k8s/overview", "/resources/k8s/workloads"]}, "timestamp": 1775701110.6078908}
{"sessionId": "ef9114", "hypothesisId": "H1", "location": "main.py:include_router", "message": "resources router included in app", "data": {"routes": ["/resources/vcenter/overview", "/resources/vcenter/inventory", "/resources/vcenter/inventory/export", "/resources/k8s/overview", "/resources/k8s/workloads"]}, "timestamp": 1775701110.7768047}
{"sessionId": "ef9114", "hypothesisId": "H1", "location": "main.py:include_router", "message": "resources router included in app", "data": {"routes": ["/resources/vcenter/overview", "/resources/vcenter/inventory", "/resources/vcenter/inventory/export", "/resources/k8s/overview", "/resources/k8s/workloads"]}, "timestamp": 1775701110.8153353}
{"sessionId": "ef9114", "hypothesisId": "H1", "location": "main.py:include_router", "message": "resources router included in app", "data": {"routes": ["/resources/vcenter/overview", "/resources/vcenter/inventory", "/resources/vcenter/inventory/export", "/resources/k8s/overview", "/resources/k8s/workloads"]}, "timestamp": 1775701771.2785945}
{"sessionId": "ef9114", "hypothesisId": "H1", "location": "main.py:include_router", "message": "resources router included in app", "data": {"routes": ["/resources/vcenter/overview", "/resources/vcenter/inventory", "/resources/vcenter/inventory/export", "/resources/k8s/overview", "/resources/k8s/workloads"]}, "timestamp": 1775702105.3780544}
{"sessionId": "ef9114", "hypothesisId": "H1", "location": "main.py:include_router", "message": "resources router included in app", "data": {"routes": ["/resources/vcenter/overview", "/resources/vcenter/inventory", "/resources/vcenter/inventory/export", "/resources/k8s/overview", "/resources/k8s/workloads"]}, "timestamp": 1775702339.7459161}
{"sessionId": "ef9114", "hypothesisId": "H1", "location": "main.py:include_router", "message": "resources router included in app", "data": {"routes": ["/resources/vcenter/overview", "/resources/vcenter/inventory", "/resources/vcenter/inventory/export", "/resources/k8s/overview", "/resources/k8s/workloads"]}, "timestamp": 1775703050.4043882}
{"sessionId": "ef9114", "hypothesisId": "H1", "location": "main.py:include_router", "message": "resources router included in app", "data": {"routes": ["/resources/vcenter/overview", "/resources/vcenter/inventory", "/resources/vcenter/inventory/export", "/resources/k8s/overview", "/resources/k8s/workloads"]}, "timestamp": 1775703050.4343948}
{"sessionId": "ef9114", "hypothesisId": "H1", "location": "main.py:include_router", "message": "resources router included in app", "data": {"routes": ["/resources/vcenter/overview", "/resources/vcenter/inventory", "/resources/vcenter/inventory/export", "/resources/k8s/overview", "/resources/k8s/workloads"]}, "timestamp": 1775703510.722969}
{"sessionId": "ef9114", "hypothesisId": "H1", "location": "main.py:include_router", "message": "resources router included in app", "data": {"routes": ["/resources/vcenter/overview", "/resources/vcenter/inventory", "/resources/vcenter/inventory/export", "/resources/k8s/overview", "/resources/k8s/workloads"]}, "timestamp": 1775704781.6018414}
{"sessionId": "ef9114", "hypothesisId": "H1", "location": "main.py:include_router", "message": "resources router included in app", "data": {"routes": ["/resources/vcenter/overview", "/resources/vcenter/inventory", "/resources/vcenter/inventory/export", "/resources/k8s/overview", "/resources/k8s/workloads"]}, "timestamp": 1775705464.337586}
{"sessionId": "ef9114", "hypothesisId": "H1", "location": "main.py:include_router", "message": "resources router included in app", "data": {"routes": ["/resources/vcenter/overview", "/resources/vcenter/inventory", "/resources/vcenter/inventory/export", "/resources/k8s/overview", "/resources/k8s/workloads"]}, "timestamp": 1775706189.0937681}
{"sessionId": "ef9114", "hypothesisId": "H1", "location": "main.py:include_router", "message": "resources router included in app", "data": {"routes": ["/resources/vcenter/overview", "/resources/vcenter/inventory", "/resources/vcenter/inventory/export", "/resources/k8s/overview", "/resources/k8s/workloads"]}, "timestamp": 1775719521.271783}
{"sessionId": "ef9114", "hypothesisId": "H1", "location": "main.py:include_router", "message": "resources router included in app", "data": {"routes": ["/resources/vcenter/overview", "/resources/vcenter/inventory", "/resources/vcenter/inventory/export", "/resources/k8s/overview", "/resources/k8s/workloads"]}, "timestamp": 1775724442.0932543}
{"sessionId": "ef9114", "hypothesisId": "H1", "location": "main.py:include_router", "message": "resources router included in app", "data": {"routes": ["/resources/vcenter/overview", "/resources/vcenter/inventory", "/resources/vcenter/inventory/export", "/resources/k8s/overview", "/resources/k8s/workloads"]}, "timestamp": 1775724442.1583483}
{"sessionId": "ef9114", "hypothesisId": "H1", "location": "main.py:include_router", "message": "resources router included in app", "data": {"routes": ["/resources/vcenter/overview", "/resources/vcenter/inventory", "/resources/vcenter/inventory/export", "/resources/k8s/overview", "/resources/k8s/workloads"]}, "timestamp": 1775724466.824652}
{"sessionId": "ef9114", "hypothesisId": "H1", "location": "main.py:include_router", "message": "resources router included in app", "data": {"routes": ["/resources/vcenter/overview", "/resources/vcenter/inventory", "/resources/vcenter/inventory/export", "/resources/k8s/overview", "/resources/k8s/workloads"]}, "timestamp": 1775727656.729026}
{"sessionId": "ef9114", "hypothesisId": "H1", "location": "main.py:include_router", "message": "resources router included in app", "data": {"routes": ["/resources/vcenter/overview", "/resources/vcenter/inventory", "/resources/vcenter/inventory/export", "/resources/k8s/overview", "/resources/k8s/workloads"]}, "timestamp": 1775727656.8669417}
{"sessionId": "ef9114", "hypothesisId": "H1", "location": "main.py:include_router", "message": "resources router included in app", "data": {"routes": ["/resources/vcenter/overview", "/resources/vcenter/inventory", "/resources/vcenter/inventory/export", "/resources/k8s/overview", "/resources/k8s/workloads"]}, "timestamp": 1775727657.5124497}
{"sessionId": "ef9114", "hypothesisId": "H1", "location": "main.py:include_router", "message": "resources router included in app", "data": {"routes": ["/resources/vcenter/overview", "/resources/vcenter/inventory", "/resources/vcenter/inventory/export", "/resources/k8s/overview", "/resources/k8s/workloads"]}, "timestamp": 1775727657.6678693}
{"sessionId": "ef9114", "hypothesisId": "H1", "location": "main.py:include_router", "message": "resources router included in app", "data": {"routes": ["/resources/vcenter/overview", "/resources/vcenter/inventory", "/resources/vcenter/inventory/export", "/resources/k8s/overview", "/resources/k8s/workloads"]}, "timestamp": 1775727658.3957503}
{"sessionId": "ef9114", "hypothesisId": "H1", "location": "main.py:include_router", "message": "resources router included in app", "data": {"routes": ["/resources/vcenter/overview", "/resources/vcenter/inventory", "/resources/vcenter/inventory/export", "/resources/k8s/overview", "/resources/k8s/workloads"]}, "timestamp": 1775727658.610104}
{"sessionId": "ef9114", "hypothesisId": "H1", "location": "main.py:include_router", "message": "resources router included in app", "data": {"routes": ["/resources/vcenter/overview", "/resources/vcenter/inventory", "/resources/vcenter/inventory/export", "/resources/k8s/overview", "/resources/k8s/workloads"]}, "timestamp": 1775727668.1630661}
{"sessionId": "ef9114", "hypothesisId": "H1", "location": "main.py:include_router", "message": "resources router included in app", "data": {"routes": ["/resources/vcenter/overview", "/resources/vcenter/inventory", "/resources/vcenter/inventory/export", "/resources/k8s/overview", "/resources/k8s/workloads"]}, "timestamp": 1775727668.330569}
{"sessionId": "ef9114", "hypothesisId": "H1", "location": "main.py:include_router", "message": "resources router included in app", "data": {"routes": ["/resources/vcenter/overview", "/resources/vcenter/inventory", "/resources/vcenter/inventory/export", "/resources/k8s/overview", "/resources/k8s/workloads"]}, "timestamp": 1775727676.2954388}
{"sessionId": "ef9114", "hypothesisId": "H1", "location": "main.py:include_router", "message": "resources router included in app", "data": {"routes": ["/resources/vcenter/overview", "/resources/vcenter/inventory", "/resources/vcenter/inventory/export", "/resources/k8s/overview", "/resources/k8s/workloads"]}, "timestamp": 1775727676.5599847}
{"sessionId": "ef9114", "hypothesisId": "H1", "location": "main.py:include_router", "message": "resources router included in app", "data": {"routes": ["/resources/vcenter/overview", "/resources/vcenter/inventory", "/resources/vcenter/inventory/export", "/resources/k8s/overview", "/resources/k8s/workloads"]}, "timestamp": 1775727685.2610528}
{"sessionId": "ef9114", "hypothesisId": "H1", "location": "main.py:include_router", "message": "resources router included in app", "data": {"routes": ["/resources/vcenter/overview", "/resources/vcenter/inventory", "/resources/vcenter/inventory/export", "/resources/k8s/overview", "/resources/k8s/workloads"]}, "timestamp": 1775727685.410246}
{"sessionId": "ef9114", "hypothesisId": "H1", "location": "main.py:include_router", "message": "resources router included in app", "data": {"routes": ["/resources/vcenter/overview", "/resources/vcenter/inventory", "/resources/vcenter/inventory/export", "/resources/k8s/overview", "/resources/k8s/workloads"]}, "timestamp": 1775727685.925631}
{"sessionId": "ef9114", "hypothesisId": "H1", "location": "main.py:include_router", "message": "resources router included in app", "data": {"routes": ["/resources/vcenter/overview", "/resources/vcenter/inventory", "/resources/vcenter/inventory/export", "/resources/k8s/overview", "/resources/k8s/workloads"]}, "timestamp": 1775727686.129983}
{"sessionId": "ef9114", "hypothesisId": "H1", "location": "main.py:include_router", "message": "resources router included in app", "data": {"routes": ["/resources/vcenter/overview", "/resources/vcenter/inventory", "/resources/vcenter/inventory/export", "/resources/k8s/overview", "/resources/k8s/workloads"]}, "timestamp": 1775727686.8682544}
{"sessionId": "ef9114", "hypothesisId": "H1", "location": "main.py:include_router", "message": "resources router included in app", "data": {"routes": ["/resources/vcenter/overview", "/resources/vcenter/inventory", "/resources/vcenter/inventory/export", "/resources/k8s/overview", "/resources/k8s/workloads"]}, "timestamp": 1775727687.0964377}
{"sessionId": "ef9114", "hypothesisId": "H1", "location": "main.py:include_router", "message": "resources router included in app", "data": {"routes": ["/resources/vcenter/overview", "/resources/vcenter/inventory", "/resources/vcenter/inventory/export", "/resources/k8s/overview", "/resources/k8s/workloads"]}, "timestamp": 1775727687.7432468}
{"sessionId": "ef9114", "hypothesisId": "H1", "location": "main.py:include_router", "message": "resources router included in app", "data": {"routes": ["/resources/vcenter/overview", "/resources/vcenter/inventory", "/resources/vcenter/inventory/export", "/resources/k8s/overview", "/resources/k8s/workloads"]}, "timestamp": 1775727687.8441522}
{"sessionId": "ef9114", "hypothesisId": "H1", "location": "main.py:include_router", "message": "resources router included in app", "data": {"routes": ["/resources/vcenter/overview", "/resources/vcenter/inventory", "/resources/vcenter/inventory/export", "/resources/k8s/overview", "/resources/k8s/workloads"]}, "timestamp": 1775727688.423878}
{"sessionId": "ef9114", "hypothesisId": "H1", "location": "main.py:include_router", "message": "resources router included in app", "data": {"routes": ["/resources/vcenter/overview", "/resources/vcenter/inventory", "/resources/vcenter/inventory/export", "/resources/k8s/overview", "/resources/k8s/workloads"]}, "timestamp": 1775727688.909006}
{"sessionId": "ef9114", "hypothesisId": "H1", "location": "main.py:include_router", "message": "resources router included in app", "data": {"routes": ["/resources/vcenter/overview", "/resources/vcenter/inventory", "/resources/vcenter/inventory/export", "/resources/k8s/overview", "/resources/k8s/workloads"]}, "timestamp": 1775727730.699795}
{"sessionId": "ef9114", "hypothesisId": "H1", "location": "main.py:include_router", "message": "resources router included in app", "data": {"routes": ["/resources/vcenter/overview", "/resources/vcenter/inventory", "/resources/vcenter/inventory/export", "/resources/k8s/overview", "/resources/k8s/workloads"]}, "timestamp": 1775727730.8298938}
{"sessionId": "ef9114", "hypothesisId": "H1", "location": "main.py:include_router", "message": "resources router included in app", "data": {"routes": ["/resources/vcenter/overview", "/resources/vcenter/inventory", "/resources/vcenter/inventory/export", "/resources/k8s/overview", "/resources/k8s/workloads"]}, "timestamp": 1775727731.9640193}
{"sessionId": "ef9114", "hypothesisId": "H1", "location": "main.py:include_router", "message": "resources router included in app", "data": {"routes": ["/resources/vcenter/overview", "/resources/vcenter/inventory", "/resources/vcenter/inventory/export", "/resources/k8s/overview", "/resources/k8s/workloads"]}, "timestamp": 1775727732.2050521}
{"sessionId": "ef9114", "hypothesisId": "H1", "location": "main.py:include_router", "message": "resources router included in app", "data": {"routes": ["/resources/vcenter/overview", "/resources/vcenter/inventory", "/resources/vcenter/inventory/export", "/resources/k8s/overview", "/resources/k8s/workloads"]}, "timestamp": 1775727732.852128}
{"sessionId": "ef9114", "hypothesisId": "H1", "location": "main.py:include_router", "message": "resources router included in app", "data": {"routes": ["/resources/vcenter/overview", "/resources/vcenter/inventory", "/resources/vcenter/inventory/export", "/resources/k8s/overview", "/resources/k8s/workloads"]}, "timestamp": 1775727733.005558}
{"sessionId": "ef9114", "hypothesisId": "H1", "location": "main.py:include_router", "message": "resources router included in app", "data": {"routes": ["/resources/vcenter/overview", "/resources/vcenter/inventory", "/resources/vcenter/inventory/export", "/resources/k8s/overview", "/resources/k8s/workloads"]}, "timestamp": 1775727740.663413}
{"sessionId": "ef9114", "hypothesisId": "H1", "location": "main.py:include_router", "message": "resources router included in app", "data": {"routes": ["/resources/vcenter/overview", "/resources/vcenter/inventory", "/resources/vcenter/inventory/export", "/resources/k8s/overview", "/resources/k8s/workloads"]}, "timestamp": 1775727740.8540845}
{"sessionId": "ef9114", "hypothesisId": "H1", "location": "main.py:include_router", "message": "resources router included in app", "data": {"routes": ["/resources/vcenter/overview", "/resources/vcenter/inventory", "/resources/vcenter/inventory/export", "/resources/k8s/overview", "/resources/k8s/workloads"]}, "timestamp": 1775727748.7610583}
{"sessionId": "ef9114", "hypothesisId": "H1", "location": "main.py:include_router", "message": "resources router included in app", "data": {"routes": ["/resources/vcenter/overview", "/resources/vcenter/inventory", "/resources/vcenter/inventory/export", "/resources/k8s/overview", "/resources/k8s/workloads"]}, "timestamp": 1775727749.21456}
{"sessionId": "ef9114", "hypothesisId": "H1", "location": "main.py:include_router", "message": "resources router included in app", "data": {"routes": ["/resources/vcenter/overview", "/resources/vcenter/inventory", "/resources/vcenter/inventory/export", "/resources/k8s/overview", "/resources/k8s/workloads"]}, "timestamp": 1775727756.890938}
{"sessionId": "ef9114", "hypothesisId": "H1", "location": "main.py:include_router", "message": "resources router included in app", "data": {"routes": ["/resources/vcenter/overview", "/resources/vcenter/inventory", "/resources/vcenter/inventory/export", "/resources/k8s/overview", "/resources/k8s/workloads"]}, "timestamp": 1775727757.0148938}
{"sessionId": "ef9114", "hypothesisId": "H1", "location": "main.py:include_router", "message": "resources router included in app", "data": {"routes": ["/resources/vcenter/overview", "/resources/vcenter/inventory", "/resources/vcenter/inventory/export", "/resources/k8s/overview", "/resources/k8s/workloads"]}, "timestamp": 1775727757.631159}
{"sessionId": "ef9114", "hypothesisId": "H1", "location": "main.py:include_router", "message": "resources router included in app", "data": {"routes": ["/resources/vcenter/overview", "/resources/vcenter/inventory", "/resources/vcenter/inventory/export", "/resources/k8s/overview", "/resources/k8s/workloads"]}, "timestamp": 1775727757.712006}
{"sessionId": "ef9114", "hypothesisId": "H1", "location": "main.py:include_router", "message": "resources router included in app", "data": {"routes": ["/resources/vcenter/overview", "/resources/vcenter/inventory", "/resources/vcenter/inventory/export", "/resources/k8s/overview", "/resources/k8s/workloads"]}, "timestamp": 1775727758.0912337}
{"sessionId": "ef9114", "hypothesisId": "H1", "location": "main.py:include_router", "message": "resources router included in app", "data": {"routes": ["/resources/vcenter/overview", "/resources/vcenter/inventory", "/resources/vcenter/inventory/export", "/resources/k8s/overview", "/resources/k8s/workloads"]}, "timestamp": 1775727758.213621}
{"sessionId": "ef9114", "hypothesisId": "H1", "location": "main.py:include_router", "message": "resources router included in app", "data": {"routes": ["/resources/vcenter/overview", "/resources/vcenter/inventory", "/resources/vcenter/inventory/export", "/resources/k8s/overview", "/resources/k8s/workloads"]}, "timestamp": 1775727758.6552656}
{"sessionId": "ef9114", "hypothesisId": "H1", "location": "main.py:include_router", "message": "resources router included in app", "data": {"routes": ["/resources/vcenter/overview", "/resources/vcenter/inventory", "/resources/vcenter/inventory/export", "/resources/k8s/overview", "/resources/k8s/workloads"]}, "timestamp": 1775727758.7538786}
{"sessionId": "ef9114", "hypothesisId": "H1", "location": "main.py:include_router", "message": "resources router included in app", "data": {"routes": ["/resources/vcenter/overview", "/resources/vcenter/inventory", "/resources/vcenter/inventory/export", "/resources/k8s/overview", "/resources/k8s/workloads"]}, "timestamp": 1775727759.2716203}
{"sessionId": "ef9114", "hypothesisId": "H1", "location": "main.py:include_router", "message": "resources router included in app", "data": {"routes": ["/resources/vcenter/overview", "/resources/vcenter/inventory", "/resources/vcenter/inventory/export", "/resources/k8s/overview", "/resources/k8s/workloads"]}, "timestamp": 1775727759.3624573}
{"sessionId": "ef9114", "hypothesisId": "H1", "location": "main.py:include_router", "message": "resources router included in app", "data": {"routes": ["/resources/vcenter/overview", "/resources/vcenter/inventory", "/resources/vcenter/inventory/export", "/resources/k8s/overview", "/resources/k8s/workloads"]}, "timestamp": 1775746797.7689247}
{"sessionId": "ef9114", "hypothesisId": "H1", "location": "main.py:include_router", "message": "resources router included in app", "data": {"routes": ["/resources/vcenter/overview", "/resources/vcenter/inventory", "/resources/vcenter/inventory/export", "/resources/k8s/overview", "/resources/k8s/workloads"]}, "timestamp": 1775749017.0872166}
{"sessionId": "ef9114", "hypothesisId": "H1", "location": "main.py:include_router", "message": "resources router included in app", "data": {"routes": ["/resources/vcenter/overview", "/resources/vcenter/inventory", "/resources/vcenter/inventory/export", "/resources/k8s/overview", "/resources/k8s/workloads"]}, "timestamp": 1775749180.9498937}
{"sessionId": "ef9114", "hypothesisId": "H1", "location": "main.py:include_router", "message": "resources router included in app", "data": {"routes": ["/resources/vcenter/overview", "/resources/vcenter/inventory", "/resources/vcenter/inventory/export", "/resources/k8s/overview", "/resources/k8s/workloads"]}, "timestamp": 1775751165.4604876}
{"sessionId": "ef9114", "hypothesisId": "H1", "location": "main.py:include_router", "message": "resources router included in app", "data": {"routes": ["/resources/vcenter/overview", "/resources/vcenter/inventory", "/resources/vcenter/inventory/export", "/resources/k8s/overview", "/resources/k8s/workloads"]}, "timestamp": 1775751392.2518406}
{"sessionId": "ef9114", "hypothesisId": "H1", "location": "main.py:include_router", "message": "resources router included in app", "data": {"routes": ["/resources/vcenter/overview", "/resources/vcenter/inventory", "/resources/vcenter/inventory/export", "/resources/k8s/overview", "/resources/k8s/workloads"]}, "timestamp": 1775751392.2788613}
{"sessionId": "ef9114", "hypothesisId": "H1", "location": "main.py:include_router", "message": "resources router included in app", "data": {"routes": ["/resources/vcenter/overview", "/resources/vcenter/inventory", "/resources/vcenter/inventory/export", "/resources/k8s/overview", "/resources/k8s/workloads"]}, "timestamp": 1775751392.4175785}
{"sessionId": "ef9114", "hypothesisId": "H1", "location": "main.py:include_router", "message": "resources router included in app", "data": {"routes": ["/resources/vcenter/overview", "/resources/vcenter/inventory", "/resources/vcenter/inventory/export", "/resources/k8s/overview", "/resources/k8s/workloads"]}, "timestamp": 1775751392.44622}
{"sessionId": "ef9114", "hypothesisId": "H1", "location": "main.py:include_router", "message": "resources router included in app", "data": {"routes": ["/resources/vcenter/overview", "/resources/vcenter/inventory", "/resources/vcenter/inventory/export", "/resources/k8s/overview", "/resources/k8s/workloads"]}, "timestamp": 1775751392.526614}
{"sessionId": "ef9114", "hypothesisId": "H1", "location": "main.py:include_router", "message": "resources router included in app", "data": {"routes": ["/resources/vcenter/overview", "/resources/vcenter/inventory", "/resources/vcenter/inventory/export", "/resources/k8s/overview", "/resources/k8s/workloads"]}, "timestamp": 1775751392.5556085}
{"sessionId": "ef9114", "hypothesisId": "H1", "location": "main.py:include_router", "message": "resources router included in app", "data": {"routes": ["/resources/vcenter/overview", "/resources/vcenter/inventory", "/resources/vcenter/inventory/export", "/resources/k8s/overview", "/resources/k8s/workloads"]}, "timestamp": 1775751401.0278237}
{"sessionId": "ef9114", "hypothesisId": "H1", "location": "main.py:include_router", "message": "resources router included in app", "data": {"routes": ["/resources/vcenter/overview", "/resources/vcenter/inventory", "/resources/vcenter/inventory/export", "/resources/k8s/overview", "/resources/k8s/workloads"]}, "timestamp": 1775751401.0553374}
{"sessionId": "ef9114", "hypothesisId": "H1", "location": "main.py:include_router", "message": "resources router included in app", "data": {"routes": ["/resources/vcenter/overview", "/resources/vcenter/inventory", "/resources/vcenter/inventory/export", "/resources/k8s/overview", "/resources/k8s/workloads"]}, "timestamp": 1775751425.511463}
{"sessionId": "ef9114", "hypothesisId": "H1", "location": "main.py:include_router", "message": "resources router included in app", "data": {"routes": ["/resources/vcenter/overview", "/resources/vcenter/inventory", "/resources/vcenter/inventory/export", "/resources/k8s/overview", "/resources/k8s/workloads"]}, "timestamp": 1775751425.5408385}
{"sessionId": "ef9114", "hypothesisId": "H1", "location": "main.py:include_router", "message": "resources router included in app", "data": {"routes": ["/resources/vcenter/overview", "/resources/vcenter/inventory", "/resources/vcenter/inventory/export", "/resources/k8s/overview", "/resources/k8s/workloads"]}, "timestamp": 1775751447.0915477}
{"sessionId": "ef9114", "hypothesisId": "H1", "location": "main.py:include_router", "message": "resources router included in app", "data": {"routes": ["/resources/vcenter/overview", "/resources/vcenter/inventory", "/resources/vcenter/inventory/export", "/resources/k8s/overview", "/resources/k8s/workloads"]}, "timestamp": 1775751447.1165533}
{"sessionId": "ef9114", "hypothesisId": "H1", "location": "main.py:include_router", "message": "resources router included in app", "data": {"routes": ["/resources/vcenter/overview", "/resources/vcenter/inventory", "/resources/vcenter/inventory/export", "/resources/k8s/overview", "/resources/k8s/workloads"]}, "timestamp": 1775751447.2144454}
{"sessionId": "ef9114", "hypothesisId": "H1", "location": "main.py:include_router", "message": "resources router included in app", "data": {"routes": ["/resources/vcenter/overview", "/resources/vcenter/inventory", "/resources/vcenter/inventory/export", "/resources/k8s/overview", "/resources/k8s/workloads"]}, "timestamp": 1775751447.2509606}
{"sessionId": "ef9114", "hypothesisId": "H1", "location": "main.py:include_router", "message": "resources router included in app", "data": {"routes": ["/resources/vcenter/overview", "/resources/vcenter/inventory", "/resources/vcenter/inventory/export", "/resources/k8s/overview", "/resources/k8s/workloads"]}, "timestamp": 1775751447.3592138}
{"sessionId": "ef9114", "hypothesisId": "H1", "location": "main.py:include_router", "message": "resources router included in app", "data": {"routes": ["/resources/vcenter/overview", "/resources/vcenter/inventory", "/resources/vcenter/inventory/export", "/resources/k8s/overview", "/resources/k8s/workloads"]}, "timestamp": 1775751447.3872187}
{"sessionId": "ef9114", "hypothesisId": "H1", "location": "main.py:include_router", "message": "resources router included in app", "data": {"routes": ["/resources/vcenter/overview", "/resources/vcenter/inventory", "/resources/vcenter/inventory/export", "/resources/k8s/overview", "/resources/k8s/workloads"]}, "timestamp": 1775751447.4644618}
{"sessionId": "ef9114", "hypothesisId": "H1", "location": "main.py:include_router", "message": "resources router included in app", "data": {"routes": ["/resources/vcenter/overview", "/resources/vcenter/inventory", "/resources/vcenter/inventory/export", "/resources/k8s/overview", "/resources/k8s/workloads"]}, "timestamp": 1775751447.4914422}
{"sessionId": "ef9114", "hypothesisId": "H1", "location": "main.py:include_router", "message": "resources router included in app", "data": {"routes": ["/resources/vcenter/overview", "/resources/vcenter/inventory", "/resources/vcenter/inventory/export", "/resources/k8s/overview", "/resources/k8s/workloads"]}, "timestamp": 1775751447.6347978}
{"sessionId": "ef9114", "hypothesisId": "H1", "location": "main.py:include_router", "message": "resources router included in app", "data": {"routes": ["/resources/vcenter/overview", "/resources/vcenter/inventory", "/resources/vcenter/inventory/export", "/resources/k8s/overview", "/resources/k8s/workloads"]}, "timestamp": 1775751447.6609364}
