
> @opspilot/web@0.1.0 dev E:\work\git\OpsPilot\opspilot-enterprise\apps\web
> next dev "-p" "3000"

▲ Next.js 16.2.2 (Turbopack)
- Local:         http://localhost:3000
- Network:       http://198.18.0.1:3000
✓ Ready in 850ms

 GET /diagnosis?diagnosis_id=dg-8d0db60a5f6d 200 in 640ms (next.js: 436ms, application-code: 204ms)
 GET /diagnosis 200 in 36ms (next.js: 5ms, application-code: 30ms)
 GET /diagnosis 200 in 42ms (next.js: 4ms, application-code: 38ms)
 GET /diagnosis?diagnosis_id=dg-8d0db60a5f6d 200 in 40ms (next.js: 5ms, application-code: 35ms)
 GET /diagnosis?diagnosis_id=dg-8d0db60a5f6d 200 in 45ms (next.js: 4ms, application-code: 41ms)
✓ Compiled in 789ms
✓ Compiled in 111ms
✓ Compiled in 76ms
 GET /diagnosis 200 in 214ms (next.js: 96ms, application-code: 118ms)
 GET /diagnosis?diagnosis_id=dg-8d0db60a5f6d 200 in 42ms (next.js: 5ms, application-code: 37ms)
 GET /incidents 200 in 80ms (next.js: 50ms, application-code: 30ms)
 GET /diagnosis 200 in 45ms (next.js: 9ms, application-code: 35ms)
✓ Compiled in 85ms
 GET /incidents 200 in 28ms (next.js: 6ms, application-code: 22ms)
 GET /diagnosis 200 in 140ms (next.js: 91ms, application-code: 49ms)
 GET /chat 200 in 92ms (next.js: 72ms, application-code: 20ms)
 GET /connections 200 in 99ms (next.js: 79ms, application-code: 21ms)
 GET /login 200 in 337ms (next.js: 192ms, application-code: 145ms)
 GET / 200 in 72ms (next.js: 47ms, application-code: 25ms)
 GET /chat 200 in 31ms (next.js: 6ms, application-code: 25ms)
 GET /incidents 200 in 24ms (next.js: 4ms, application-code: 20ms)
 GET /chat 200 in 22ms (next.js: 5ms, application-code: 17ms)
 GET /connections 200 in 27ms (next.js: 5ms, application-code: 22ms)
 GET /resources/vcenter 200 in 69ms (next.js: 43ms, application-code: 26ms)
 GET /executions 200 in 121ms (next.js: 100ms, application-code: 21ms)
 GET /change-impact 200 in 75ms (next.js: 44ms, application-code: 31ms)
 GET /executions?tool_name=vmware.vm_migrate&change_analysis_ref=chg-impact-demo&targets=%5B%7B%22object_id%22%3A%22vm-201%22%2C%22object_name%22%3A%22app-server-01%22%2C%22object_type%22%3A%22VirtualMachine%22%7D%5D 200 in 21ms (next.js: 4ms, application-code: 17ms)
 GET /change-impact 200 in 22ms (next.js: 4ms, application-code: 18ms)
 GET /diagnosis 200 in 21ms (next.js: 4ms, application-code: 17ms)
 GET /incidents 200 in 22ms (next.js: 4ms, application-code: 19ms)
 GET /diagnosis 200 in 22ms (next.js: 5ms, application-code: 18ms)
 GET /diagnosis 200 in 12ms (next.js: 4ms, application-code: 8ms)
 GET /diagnosis 200 in 19ms (next.js: 3ms, application-code: 17ms)
 GET /chat 200 in 26ms (next.js: 4ms, application-code: 22ms)
 GET /incidents 200 in 23ms (next.js: 4ms, application-code: 19ms)
 GET /chat 200 in 22ms (next.js: 4ms, application-code: 17ms)
 GET /diagnosis?diagnosis_id=dg-2f859d791955 200 in 67ms (next.js: 4ms, application-code: 63ms)
✓ Compiled in 85ms
 GET /chat 200 in 22ms (next.js: 4ms, application-code: 19ms)
 GET /diagnosis?diagnosis_id=dg-2f859d791955 200 in 277ms (next.js: 129ms, application-code: 148ms)
 GET /incidents 200 in 23ms (next.js: 4ms, application-code: 19ms)
 GET /evidence 200 in 75ms (next.js: 51ms, application-code: 24ms)
 GET /approvals 200 in 78ms (next.js: 54ms, application-code: 25ms)
 GET /diagnosis 200 in 27ms (next.js: 5ms, application-code: 21ms)
 GET /incidents 200 in 24ms (next.js: 4ms, application-code: 21ms)
 GET /login 200 in 399ms (next.js: 132ms, application-code: 267ms)
 GET /login 200 in 182ms (next.js: 4ms, application-code: 179ms)
 GET /login 200 in 181ms (next.js: 50ms, application-code: 131ms)
 GET /login 200 in 185ms (next.js: 8ms, application-code: 177ms)
 GET /login 200 in 219ms (next.js: 78ms, application-code: 142ms)
 GET /login 200 in 222ms (next.js: 106ms, application-code: 116ms)
 GET /login 200 in 221ms (next.js: 8ms, application-code: 213ms)
 GET /login 200 in 192ms (next.js: 9ms, application-code: 183ms)
 GET /login 200 in 226ms (next.js: 6ms, application-code: 220ms)
 GET /login 200 in 229ms (next.js: 35ms, application-code: 193ms)
 GET /login 200 in 167ms (next.js: 40ms, application-code: 127ms)
 GET /login 200 in 172ms (next.js: 14ms, application-code: 158ms)
 GET /login 200 in 279ms (next.js: 10ms, application-code: 269ms)
 GET /login 200 in 242ms (next.js: 7ms, application-code: 236ms)
 GET /login 200 in 240ms (next.js: 65ms, application-code: 175ms)
 GET /login 200 in 243ms (next.js: 10ms, application-code: 233ms)
 GET /login 200 in 187ms (next.js: 8ms, application-code: 179ms)
 GET /login 200 in 187ms (next.js: 44ms, application-code: 143ms)
 GET /login 200 in 279ms (next.js: 7ms, application-code: 272ms)
 GET /login 200 in 235ms (next.js: 10ms, application-code: 224ms)
 GET /login 200 in 224ms (next.js: 8ms, application-code: 217ms)
 GET /login 200 in 262ms (next.js: 54ms, application-code: 208ms)
 GET /login 200 in 180ms (next.js: 12ms, application-code: 168ms)
 GET /login 200 in 181ms (next.js: 45ms, application-code: 136ms)
 GET /login 200 in 123ms (next.js: 6ms, application-code: 117ms)
 GET /login 200 in 91ms (next.js: 9ms, application-code: 81ms)
 GET /login 200 in 44ms (next.js: 9ms, application-code: 35ms)
 GET /login 200 in 224ms (next.js: 21ms, application-code: 203ms)
 GET /login 200 in 222ms (next.js: 66ms, application-code: 156ms)
 GET /login 200 in 225ms (next.js: 49ms, application-code: 176ms)
 GET /login 200 in 215ms (next.js: 109ms, application-code: 106ms)
 GET /login 200 in 219ms (next.js: 83ms, application-code: 136ms)
 GET /login 200 in 79ms (next.js: 5ms, application-code: 73ms)
 GET /login 200 in 377ms (next.js: 26ms, application-code: 351ms)
 GET /login 200 in 378ms (next.js: 60ms, application-code: 318ms)
 GET /login 200 in 377ms (next.js: 158ms, application-code: 219ms)
 GET /login 200 in 380ms (next.js: 93ms, application-code: 287ms)
 GET /login 200 in 382ms (next.js: 124ms, application-code: 257ms)
 GET /login 200 in 382ms (next.js: 196ms, application-code: 186ms)
 GET /incidents 404 in 1753ms (next.js: 1637ms, application-code: 116ms)
 GET /incidents 404 in 521ms (next.js: 14ms, application-code: 507ms)
 GET /incidents 404 in 443ms (next.js: 361ms, application-code: 82ms)
 GET /incidents 404 in 57ms (next.js: 15ms, application-code: 42ms)
 GET /incidents 404 in 449ms (next.js: 335ms, application-code: 115ms)
 GET /incidents 404 in 452ms (next.js: 312ms, application-code: 140ms)
 GET /login 200 in 520ms (next.js: 15ms, application-code: 505ms)
 GET /login 200 in 525ms (next.js: 51ms, application-code: 475ms)
 GET /login 200 in 526ms (next.js: 88ms, application-code: 438ms)
 GET /login 200 in 526ms (next.js: 150ms, application-code: 377ms)
 GET /login 200 in 528ms (next.js: 122ms, application-code: 406ms)
 GET /login 200 in 497ms (next.js: 275ms, application-code: 222ms)
 GET /incidents 404 in 597ms (next.js: 185ms, application-code: 412ms)
 GET /login 200 in 251ms (next.js: 14ms, application-code: 237ms)
 GET /login 200 in 250ms (next.js: 51ms, application-code: 200ms)
 GET /login 200 in 250ms (next.js: 118ms, application-code: 132ms)
 GET /login 200 in 252ms (next.js: 84ms, application-code: 168ms)
 GET /login 200 in 217ms (next.js: 116ms, application-code: 101ms)
 GET /login 200 in 151ms (next.js: 55ms, application-code: 96ms)
 GET /login 200 in 154ms (next.js: 10ms, application-code: 145ms)
 GET /login 200 in 155ms (next.js: 50ms, application-code: 104ms)
 GET /login 200 in 119ms (next.js: 51ms, application-code: 68ms)
 GET /login 200 in 75ms (next.js: 45ms, application-code: 29ms)
✓ Compiled in 273ms
 GET /incidents 200 in 684ms (next.js: 213ms, application-code: 471ms)
 GET /login 200 in 680ms (next.js: 288ms, application-code: 393ms)
 GET /incidents 200 in 346ms (next.js: 6ms, application-code: 340ms)
 GET /login 200 in 346ms (next.js: 34ms, application-code: 312ms)
 GET /incidents 200 in 545ms (next.js: 70ms, application-code: 475ms)
 GET /incidents 200 in 548ms (next.js: 124ms, application-code: 425ms)
 GET /incidents 200 in 551ms (next.js: 100ms, application-code: 450ms)
 GET /login 200 in 555ms (next.js: 10ms, application-code: 544ms)
 GET /login 200 in 553ms (next.js: 153ms, application-code: 399ms)
 GET /incidents 200 in 565ms (next.js: 38ms, application-code: 527ms)
 GET /incidents 200 in 96ms (next.js: 11ms, application-code: 85ms)
 GET /login 200 in 569ms (next.js: 185ms, application-code: 385ms)
 GET /login 200 in 571ms (next.js: 216ms, application-code: 355ms)
 GET /login 200 in 441ms (next.js: 42ms, application-code: 399ms)
 GET /login 200 in 249ms (next.js: 40ms, application-code: 209ms)
 GET /incidents 200 in 451ms (next.js: 12ms, application-code: 439ms)
 GET /login 200 in 209ms (next.js: 12ms, application-code: 197ms)
 GET /login 200 in 210ms (next.js: 40ms, application-code: 170ms)
 GET /login 200 in 210ms (next.js: 63ms, application-code: 147ms)
 GET /login 200 in 161ms (next.js: 41ms, application-code: 121ms)
 GET /login 200 in 229ms (next.js: 7ms, application-code: 221ms)
 GET /login 200 in 201ms (next.js: 6ms, application-code: 194ms)
 GET /login 200 in 245ms (next.js: 9ms, application-code: 236ms)
 GET /login 200 in 246ms (next.js: 37ms, application-code: 209ms)
 GET /login 200 in 246ms (next.js: 66ms, application-code: 180ms)
 GET /login 200 in 187ms (next.js: 37ms, application-code: 150ms)
 GET /login 200 in 244ms (next.js: 9ms, application-code: 235ms)
 GET /login 200 in 185ms (next.js: 6ms, application-code: 179ms)
 GET /login 200 in 179ms (next.js: 6ms, application-code: 173ms)
 GET /login 200 in 215ms (next.js: 34ms, application-code: 181ms)
 GET /login 200 in 162ms (next.js: 10ms, application-code: 152ms)
 GET /login 200 in 163ms (next.js: 48ms, application-code: 115ms)
 GET /login 200 in 227ms (next.js: 6ms, application-code: 221ms)
 GET /login 200 in 203ms (next.js: 8ms, application-code: 195ms)
 GET /login 200 in 231ms (next.js: 9ms, application-code: 222ms)
 GET /login 200 in 232ms (next.js: 39ms, application-code: 193ms)
 GET /login 200 in 201ms (next.js: 45ms, application-code: 155ms)
 GET /login 200 in 164ms (next.js: 44ms, application-code: 120ms)
 GET /login 200 in 221ms (next.js: 5ms, application-code: 216ms)
 GET /login 200 in 190ms (next.js: 6ms, application-code: 184ms)
 GET /login 200 in 185ms (next.js: 8ms, application-code: 178ms)
 GET /login 200 in 190ms (next.js: 15ms, application-code: 176ms)
 GET /login 200 in 188ms (next.js: 41ms, application-code: 147ms)
 GET /login 200 in 189ms (next.js: 71ms, application-code: 118ms)
 GET /login 200 in 206ms (next.js: 6ms, application-code: 200ms)
 GET /login 200 in 174ms (next.js: 7ms, application-code: 167ms)
 GET /login 200 in 159ms (next.js: 10ms, application-code: 149ms)
 GET /login 200 in 154ms (next.js: 8ms, application-code: 145ms)
 GET /login 200 in 154ms (next.js: 33ms, application-code: 121ms)
 GET /login 200 in 129ms (next.js: 32ms, application-code: 97ms)
 GET /login 200 in 204ms (next.js: 6ms, application-code: 199ms)
 GET /login 200 in 185ms (next.js: 7ms, application-code: 178ms)
 GET /login 200 in 218ms (next.js: 8ms, application-code: 210ms)
 GET /login 200 in 192ms (next.js: 7ms, application-code: 185ms)
 GET /login 200 in 192ms (next.js: 37ms, application-code: 155ms)
 GET /login 200 in 131ms (next.js: 11ms, application-code: 120ms)
 GET /login 200 in 195ms (next.js: 8ms, application-code: 187ms)
 GET /login 200 in 159ms (next.js: 5ms, application-code: 155ms)
 GET /login 200 in 118ms (next.js: 7ms, application-code: 111ms)
 GET /login 200 in 82ms (next.js: 12ms, application-code: 71ms)
 GET /login 200 in 82ms (next.js: 42ms, application-code: 40ms)
 GET / 200 in 238ms (next.js: 26ms, application-code: 212ms)
✓ Compiled in 65ms
 GET / 200 in 49ms (next.js: 6ms, application-code: 44ms)
 GET / 200 in 84ms (next.js: 8ms, application-code: 76ms)
[?25h
 ELIFECYCLE  Command failed with exit code 4294967295.
