INFO:     Started server process [22056]
INFO:     Waiting for application startup.
INFO:     Application startup complete.
INFO:     Uvicorn running on http://0.0.0.0:18030 (Press CTRL+C to quit)
ERROR:    Exception in ASGI application
Traceback (most recent call last):
  File "C:\Users\mirac\AppData\Roaming\Python\Python312\site-packages\uvicorn\protocols\http\httptools_impl.py", line 416, in run_asgi
    result = await app(  # type: ignore[func-returns-value]
             ^^^^^^^^^^^^^^^^^^^^^^^^^^^^^^^^^^^^^^^^^^^^^^
  File "C:\Users\mirac\AppData\Roaming\Python\Python312\site-packages\uvicorn\middleware\proxy_headers.py", line 60, in __call__
    return await self.app(scope, receive, send)
           ^^^^^^^^^^^^^^^^^^^^^^^^^^^^^^^^^^^^
  File "C:\Users\mirac\AppData\Roaming\Python\Python312\site-packages\fastapi\applications.py", line 1159, in __call__
    await super().__call__(scope, receive, send)
  File "C:\Users\mirac\AppData\Roaming\Python\Python312\site-packages\starlette\applications.py", line 90, in __call__
    await self.middleware_stack(scope, receive, send)
  File "C:\Users\mirac\AppData\Roaming\Python\Python312\site-packages\starlette\middleware\errors.py", line 186, in __call__
    raise exc
  File "C:\Users\mirac\AppData\Roaming\Python\Python312\site-packages\starlette\middleware\errors.py", line 164, in __call__
    await self.app(scope, receive, _send)
  File "C:\Users\mirac\AppData\Roaming\Python\Python312\site-packages\starlette\middleware\cors.py", line 88, in __call__
    await self.app(scope, receive, send)
  File "C:\Users\mirac\AppData\Roaming\Python\Python312\site-packages\starlette\middleware\exceptions.py", line 63, in __call__
    await wrap_app_handling_exceptions(self.app, conn)(scope, receive, send)
  File "C:\Users\mirac\AppData\Roaming\Python\Python312\site-packages\starlette\_exception_handler.py", line 53, in wrapped_app
    raise exc
  File "C:\Users\mirac\AppData\Roaming\Python\Python312\site-packages\starlette\_exception_handler.py", line 42, in wrapped_app
    await app(scope, receive, sender)
  File "C:\Users\mirac\AppData\Roaming\Python\Python312\site-packages\fastapi\middleware\asyncexitstack.py", line 18, in __call__
    await self.app(scope, receive, send)
  File "C:\Users\mirac\AppData\Roaming\Python\Python312\site-packages\starlette\routing.py", line 660, in __call__
    await self.middleware_stack(scope, receive, send)
  File "C:\Users\mirac\AppData\Roaming\Python\Python312\site-packages\starlette\routing.py", line 680, in app
    await route.handle(scope, receive, send)
  File "C:\Users\mirac\AppData\Roaming\Python\Python312\site-packages\starlette\routing.py", line 276, in handle
    await self.app(scope, receive, send)
  File "C:\Users\mirac\AppData\Roaming\Python\Python312\site-packages\fastapi\routing.py", line 134, in app
    await wrap_app_handling_exceptions(app, request)(scope, receive, send)
  File "C:\Users\mirac\AppData\Roaming\Python\Python312\site-packages\starlette\_exception_handler.py", line 53, in wrapped_app
    raise exc
  File "C:\Users\mirac\AppData\Roaming\Python\Python312\site-packages\starlette\_exception_handler.py", line 42, in wrapped_app
    await app(scope, receive, sender)
  File "C:\Users\mirac\AppData\Roaming\Python\Python312\site-packages\fastapi\routing.py", line 120, in app
    response = await f(request)
               ^^^^^^^^^^^^^^^^
  File "C:\Users\mirac\AppData\Roaming\Python\Python312\site-packages\fastapi\routing.py", line 674, in app
    raw_response = await run_endpoint_function(
                   ^^^^^^^^^^^^^^^^^^^^^^^^^^^^
  File "C:\Users\mirac\AppData\Roaming\Python\Python312\site-packages\fastapi\routing.py", line 328, in run_endpoint_function
    return await dependant.call(**values)
           ^^^^^^^^^^^^^^^^^^^^^^^^^^^^^^
  File "E:\work\git\OpsPilot\opspilot-enterprise\services\vmware-skill-gateway\app\routers\query.py", line 45, in get_vcenter_inventory
    data = await VCenterService(body.connection if body else None).get_inventory()
           ^^^^^^^^^^^^^^^^^^^^^^^^^^^^^^^^^^^^^^^^^^^^^^^^^^^^^^^^^^^^^^^^^^^^^^^
  File "E:\work\git\OpsPilot\opspilot-enterprise\services\vmware-skill-gateway\app\services\vcenter_service.py", line 216, in get_inventory
    return await self._run(_impl)
           ^^^^^^^^^^^^^^^^^^^^^^
  File "E:\work\git\OpsPilot\opspilot-enterprise\services\vmware-skill-gateway\app\services\vcenter_service.py", line 180, in _run
    return await asyncio.to_thread(func)
           ^^^^^^^^^^^^^^^^^^^^^^^^^^^^^
  File "C:\Python312\Lib\asyncio\threads.py", line 25, in to_thread
    return await loop.run_in_executor(None, func_call)
           ^^^^^^^^^^^^^^^^^^^^^^^^^^^^^^^^^^^^^^^^^^^
  File "C:\Python312\Lib\concurrent\futures\thread.py", line 59, in run
    result = self.fn(*self.args, **self.kwargs)
             ^^^^^^^^^^^^^^^^^^^^^^^^^^^^^^^^^^
  File "E:\work\git\OpsPilot\opspilot-enterprise\services\vmware-skill-gateway\app\services\vcenter_service.py", line 213, in _impl
    return self._with_client(self._get_inventory_sync)
           ^^^^^^^^^^^^^^^^^^^^^^^^^^^^^^^^^^^^^^^^^^^
  File "E:\work\git\OpsPilot\opspilot-enterprise\services\vmware-skill-gateway\app\services\vcenter_service.py", line 208, in _with_client
    raise last_exc
  File "E:\work\git\OpsPilot\opspilot-enterprise\services\vmware-skill-gateway\app\services\vcenter_service.py", line 192, in _with_client
    si = _connect(connection)
         ^^^^^^^^^^^^^^^^^^^^
  File "E:\work\git\OpsPilot\opspilot-enterprise\services\vmware-skill-gateway\app\services\vcenter_service.py", line 79, in _connect
    return SmartConnect(
           ^^^^^^^^^^^^^
  File "C:\Users\mirac\AppData\Roaming\Python\Python312\site-packages\pyVim\connect.py", line 985, in SmartConnect
    supportedVersion = __FindSupportedVersion(protocol, host, port, path,
                       ^^^^^^^^^^^^^^^^^^^^^^^^^^^^^^^^^^^^^^^^^^^^^^^^^^
  File "C:\Users\mirac\AppData\Roaming\Python\Python312\site-packages\pyVim\connect.py", line 790, in __FindSupportedVersion
    serviceVersionDescription = __GetServiceVersionDescription(
                                ^^^^^^^^^^^^^^^^^^^^^^^^^^^^^^^
  File "C:\Users\mirac\AppData\Roaming\Python\Python312\site-packages\pyVim\connect.py", line 714, in __GetServiceVersionDescription
    return __GetElementTree(protocol, server, port,
           ^^^^^^^^^^^^^^^^^^^^^^^^^^^^^^^^^^^^^^^^
  File "C:\Users\mirac\AppData\Roaming\Python\Python312\site-packages\pyVim\connect.py", line 668, in __GetElementTree
    conn.request(method="GET", url=path, headers=headers)
  File "C:\Python312\Lib\http\client.py", line 1338, in request
    self._send_request(method, url, body, headers, encode_chunked)
  File "C:\Python312\Lib\http\client.py", line 1384, in _send_request
    self.endheaders(body, encode_chunked=encode_chunked)
  File "C:\Python312\Lib\http\client.py", line 1333, in endheaders
    self._send_output(message_body, encode_chunked=encode_chunked)
  File "C:\Python312\Lib\http\client.py", line 1093, in _send_output
    self.send(msg)
  File "C:\Python312\Lib\http\client.py", line 1037, in send
    self.connect()
  File "C:\Python312\Lib\http\client.py", line 1472, in connect
    super().connect()
  File "C:\Python312\Lib\http\client.py", line 1003, in connect
    self.sock = self._create_connection(
                ^^^^^^^^^^^^^^^^^^^^^^^^
  File "C:\Python312\Lib\socket.py", line 841, in create_connection
    for res in getaddrinfo(host, port, 0, SOCK_STREAM):
               ^^^^^^^^^^^^^^^^^^^^^^^^^^^^^^^^^^^^^^^
  File "C:\Python312\Lib\socket.py", line 978, in getaddrinfo
    for res in _socket.getaddrinfo(host, port, family, type, proto, flags):
               ^^^^^^^^^^^^^^^^^^^^^^^^^^^^^^^^^^^^^^^^^^^^^^^^^^^^^^^^^^^
socket.gaierror: [Errno 11001] getaddrinfo failed
ERROR:    Exception in ASGI application
Traceback (most recent call last):
  File "C:\Users\mirac\AppData\Roaming\Python\Python312\site-packages\uvicorn\protocols\http\httptools_impl.py", line 416, in run_asgi
    result = await app(  # type: ignore[func-returns-value]
             ^^^^^^^^^^^^^^^^^^^^^^^^^^^^^^^^^^^^^^^^^^^^^^
  File "C:\Users\mirac\AppData\Roaming\Python\Python312\site-packages\uvicorn\middleware\proxy_headers.py", line 60, in __call__
    return await self.app(scope, receive, send)
           ^^^^^^^^^^^^^^^^^^^^^^^^^^^^^^^^^^^^
  File "C:\Users\mirac\AppData\Roaming\Python\Python312\site-packages\fastapi\applications.py", line 1159, in __call__
    await super().__call__(scope, receive, send)
  File "C:\Users\mirac\AppData\Roaming\Python\Python312\site-packages\starlette\applications.py", line 90, in __call__
    await self.middleware_stack(scope, receive, send)
  File "C:\Users\mirac\AppData\Roaming\Python\Python312\site-packages\starlette\middleware\errors.py", line 186, in __call__
    raise exc
  File "C:\Users\mirac\AppData\Roaming\Python\Python312\site-packages\starlette\middleware\errors.py", line 164, in __call__
    await self.app(scope, receive, _send)
  File "C:\Users\mirac\AppData\Roaming\Python\Python312\site-packages\starlette\middleware\cors.py", line 88, in __call__
    await self.app(scope, receive, send)
  File "C:\Users\mirac\AppData\Roaming\Python\Python312\site-packages\starlette\middleware\exceptions.py", line 63, in __call__
    await wrap_app_handling_exceptions(self.app, conn)(scope, receive, send)
  File "C:\Users\mirac\AppData\Roaming\Python\Python312\site-packages\starlette\_exception_handler.py", line 53, in wrapped_app
    raise exc
  File "C:\Users\mirac\AppData\Roaming\Python\Python312\site-packages\starlette\_exception_handler.py", line 42, in wrapped_app
    await app(scope, receive, sender)
  File "C:\Users\mirac\AppData\Roaming\Python\Python312\site-packages\fastapi\middleware\asyncexitstack.py", line 18, in __call__
    await self.app(scope, receive, send)
  File "C:\Users\mirac\AppData\Roaming\Python\Python312\site-packages\starlette\routing.py", line 660, in __call__
    await self.middleware_stack(scope, receive, send)
  File "C:\Users\mirac\AppData\Roaming\Python\Python312\site-packages\starlette\routing.py", line 680, in app
    await route.handle(scope, receive, send)
  File "C:\Users\mirac\AppData\Roaming\Python\Python312\site-packages\starlette\routing.py", line 276, in handle
    await self.app(scope, receive, send)
  File "C:\Users\mirac\AppData\Roaming\Python\Python312\site-packages\fastapi\routing.py", line 134, in app
    await wrap_app_handling_exceptions(app, request)(scope, receive, send)
  File "C:\Users\mirac\AppData\Roaming\Python\Python312\site-packages\starlette\_exception_handler.py", line 53, in wrapped_app
    raise exc
  File "C:\Users\mirac\AppData\Roaming\Python\Python312\site-packages\starlette\_exception_handler.py", line 42, in wrapped_app
    await app(scope, receive, sender)
  File "C:\Users\mirac\AppData\Roaming\Python\Python312\site-packages\fastapi\routing.py", line 120, in app
    response = await f(request)
               ^^^^^^^^^^^^^^^^
  File "C:\Users\mirac\AppData\Roaming\Python\Python312\site-packages\fastapi\routing.py", line 674, in app
    raw_response = await run_endpoint_function(
                   ^^^^^^^^^^^^^^^^^^^^^^^^^^^^
  File "C:\Users\mirac\AppData\Roaming\Python\Python312\site-packages\fastapi\routing.py", line 328, in run_endpoint_function
    return await dependant.call(**values)
           ^^^^^^^^^^^^^^^^^^^^^^^^^^^^^^
  File "E:\work\git\OpsPilot\opspilot-enterprise\services\vmware-skill-gateway\app\routers\query.py", line 45, in get_vcenter_inventory
    data = await VCenterService(body.connection if body else None).get_inventory()
           ^^^^^^^^^^^^^^^^^^^^^^^^^^^^^^^^^^^^^^^^^^^^^^^^^^^^^^^^^^^^^^^^^^^^^^^
  File "E:\work\git\OpsPilot\opspilot-enterprise\services\vmware-skill-gateway\app\services\vcenter_service.py", line 216, in get_inventory
    return await self._run(_impl)
           ^^^^^^^^^^^^^^^^^^^^^^
  File "E:\work\git\OpsPilot\opspilot-enterprise\services\vmware-skill-gateway\app\services\vcenter_service.py", line 180, in _run
    return await asyncio.to_thread(func)
           ^^^^^^^^^^^^^^^^^^^^^^^^^^^^^
  File "C:\Python312\Lib\asyncio\threads.py", line 25, in to_thread
    return await loop.run_in_executor(None, func_call)
           ^^^^^^^^^^^^^^^^^^^^^^^^^^^^^^^^^^^^^^^^^^^
  File "C:\Python312\Lib\concurrent\futures\thread.py", line 59, in run
    result = self.fn(*self.args, **self.kwargs)
             ^^^^^^^^^^^^^^^^^^^^^^^^^^^^^^^^^^
  File "E:\work\git\OpsPilot\opspilot-enterprise\services\vmware-skill-gateway\app\services\vcenter_service.py", line 213, in _impl
    return self._with_client(self._get_inventory_sync)
           ^^^^^^^^^^^^^^^^^^^^^^^^^^^^^^^^^^^^^^^^^^^
  File "E:\work\git\OpsPilot\opspilot-enterprise\services\vmware-skill-gateway\app\services\vcenter_service.py", line 208, in _with_client
    raise last_exc
  File "E:\work\git\OpsPilot\opspilot-enterprise\services\vmware-skill-gateway\app\services\vcenter_service.py", line 192, in _with_client
    si = _connect(connection)
         ^^^^^^^^^^^^^^^^^^^^
  File "E:\work\git\OpsPilot\opspilot-enterprise\services\vmware-skill-gateway\app\services\vcenter_service.py", line 79, in _connect
    return SmartConnect(
           ^^^^^^^^^^^^^
  File "C:\Users\mirac\AppData\Roaming\Python\Python312\site-packages\pyVim\connect.py", line 985, in SmartConnect
    supportedVersion = __FindSupportedVersion(protocol, host, port, path,
                       ^^^^^^^^^^^^^^^^^^^^^^^^^^^^^^^^^^^^^^^^^^^^^^^^^^
  File "C:\Users\mirac\AppData\Roaming\Python\Python312\site-packages\pyVim\connect.py", line 790, in __FindSupportedVersion
    serviceVersionDescription = __GetServiceVersionDescription(
                                ^^^^^^^^^^^^^^^^^^^^^^^^^^^^^^^
  File "C:\Users\mirac\AppData\Roaming\Python\Python312\site-packages\pyVim\connect.py", line 714, in __GetServiceVersionDescription
    return __GetElementTree(protocol, server, port,
           ^^^^^^^^^^^^^^^^^^^^^^^^^^^^^^^^^^^^^^^^
  File "C:\Users\mirac\AppData\Roaming\Python\Python312\site-packages\pyVim\connect.py", line 668, in __GetElementTree
    conn.request(method="GET", url=path, headers=headers)
  File "C:\Python312\Lib\http\client.py", line 1338, in request
    self._send_request(method, url, body, headers, encode_chunked)
  File "C:\Python312\Lib\http\client.py", line 1384, in _send_request
    self.endheaders(body, encode_chunked=encode_chunked)
  File "C:\Python312\Lib\http\client.py", line 1333, in endheaders
    self._send_output(message_body, encode_chunked=encode_chunked)
  File "C:\Python312\Lib\http\client.py", line 1093, in _send_output
    self.send(msg)
  File "C:\Python312\Lib\http\client.py", line 1037, in send
    self.connect()
  File "C:\Python312\Lib\http\client.py", line 1472, in connect
    super().connect()
  File "C:\Python312\Lib\http\client.py", line 1003, in connect
    self.sock = self._create_connection(
                ^^^^^^^^^^^^^^^^^^^^^^^^
  File "C:\Python312\Lib\socket.py", line 841, in create_connection
    for res in getaddrinfo(host, port, 0, SOCK_STREAM):
               ^^^^^^^^^^^^^^^^^^^^^^^^^^^^^^^^^^^^^^^
  File "C:\Python312\Lib\socket.py", line 978, in getaddrinfo
    for res in _socket.getaddrinfo(host, port, family, type, proto, flags):
               ^^^^^^^^^^^^^^^^^^^^^^^^^^^^^^^^^^^^^^^^^^^^^^^^^^^^^^^^^^^
socket.gaierror: [Errno 11001] getaddrinfo failed
