
> @opspilot/web@0.1.0 dev E:\work\git\OpsPilot\opspilot-enterprise\apps\web
> next dev "--port" "3000"

▲ Next.js 16.2.2 (Turbopack)
- Local:         http://localhost:3000
- Network:       http://198.18.0.1:3000
✓ Ready in 1491ms

 GET /chat 200 in 907ms (next.js: 589ms, application-code: 318ms)
 GET /chat 200 in 50ms (next.js: 6ms, application-code: 44ms)
 GET /knowledge 200 in 117ms (next.js: 91ms, application-code: 26ms)
 GET /topology 200 in 1738ms (next.js: 1694ms, application-code: 44ms)
 GET /topology 200 in 30ms (next.js: 5ms, application-code: 25ms)
 GET /connections 200 in 61ms (next.js: 41ms, application-code: 20ms)
 GET /resources/vcenter 200 in 82ms (next.js: 47ms, application-code: 35ms)
 GET /topology 200 in 23ms (next.js: 4ms, application-code: 19ms)
 GET /policies 200 in 63ms (next.js: 42ms, application-code: 21ms)
 GET /resources/k8s 200 in 69ms (next.js: 43ms, application-code: 26ms)
 GET /topology 200 in 28ms (next.js: 4ms, application-code: 24ms)
 GET /connections 200 in 26ms (next.js: 4ms, application-code: 22ms)
 GET /policies 200 in 23ms (next.js: 3ms, application-code: 19ms)
 GET /resources/k8s 200 in 26ms (next.js: 3ms, application-code: 23ms)
 GET /topology 200 in 26ms (next.js: 3ms, application-code: 22ms)
 GET /knowledge 200 in 25ms (next.js: 5ms, application-code: 21ms)
 GET /change-impact 200 in 106ms (next.js: 68ms, application-code: 37ms)
 GET /incidents 200 in 59ms (next.js: 35ms, application-code: 24ms)
 GET /chat 200 in 29ms (next.js: 6ms, application-code: 23ms)
 GET /incidents 200 in 20ms (next.js: 4ms, application-code: 17ms)
✓ Compiled in 1707ms
 GET /incidents 500 in 442ms (next.js: 237ms, application-code: 205ms)
 GET /incidents 500 in 21ms (next.js: 9ms, application-code: 12ms)
 GET /incidents 500 in 20ms (next.js: 10ms, application-code: 10ms)
 GET /incidents 500 in 30ms (next.js: 19ms, application-code: 12ms)
 GET /incidents 500 in 57ms (next.js: 48ms, application-code: 9ms)
 GET /incidents 500 in 25ms (next.js: 14ms, application-code: 11ms)
 GET /incidents 500 in 26ms (next.js: 11ms, application-code: 15ms)
 GET /incidents 500 in 24ms (next.js: 9ms, application-code: 15ms)
✓ Compiled in 129ms
 GET /incidents 500 in 20ms (next.js: 10ms, application-code: 10ms)
✓ Compiled in 10ms
 GET /incidents 500 in 31ms (next.js: 14ms, application-code: 17ms)
✓ Compiled in 96ms
 GET /incidents 404 in 34ms (next.js: 5ms, application-code: 30ms)
 GET /login 200 in 87ms (next.js: 58ms, application-code: 29ms)
 GET /login 200 in 260ms (next.js: 73ms, application-code: 187ms)
 GET /login 200 in 142ms (next.js: 6ms, application-code: 136ms)
 GET /login 200 in 143ms (next.js: 21ms, application-code: 122ms)
 GET /login 200 in 144ms (next.js: 46ms, application-code: 98ms)
 GET /login 200 in 147ms (next.js: 4ms, application-code: 143ms)
 GET /login 200 in 147ms (next.js: 71ms, application-code: 76ms)
 GET /login 200 in 140ms (next.js: 4ms, application-code: 136ms)
 GET /login 200 in 120ms (next.js: 6ms, application-code: 114ms)
 GET /login 200 in 129ms (next.js: 25ms, application-code: 104ms)
 GET /login 200 in 132ms (next.js: 4ms, application-code: 129ms)
 GET /login 200 in 133ms (next.js: 45ms, application-code: 87ms)
 GET /login 200 in 93ms (next.js: 22ms, application-code: 72ms)
 GET /login 200 in 130ms (next.js: 4ms, application-code: 127ms)
 GET /login 200 in 111ms (next.js: 3ms, application-code: 109ms)
 GET /login 200 in 109ms (next.js: 6ms, application-code: 103ms)
 GET /login 200 in 126ms (next.js: 21ms, application-code: 104ms)
 GET /login 200 in 110ms (next.js: 23ms, application-code: 86ms)
 GET /login 200 in 91ms (next.js: 24ms, application-code: 67ms)
 GET /login 200 in 125ms (next.js: 3ms, application-code: 122ms)
 GET /login 200 in 107ms (next.js: 5ms, application-code: 102ms)
 GET /login 200 in 104ms (next.js: 4ms, application-code: 100ms)
 GET /login 200 in 108ms (next.js: 8ms, application-code: 100ms)
 GET /login 200 in 106ms (next.js: 21ms, application-code: 85ms)
 GET /login 200 in 107ms (next.js: 36ms, application-code: 71ms)
 GET /login 200 in 146ms (next.js: 3ms, application-code: 143ms)
 GET /login 200 in 129ms (next.js: 6ms, application-code: 123ms)
 GET /login 200 in 134ms (next.js: 5ms, application-code: 129ms)
 GET /login 200 in 146ms (next.js: 4ms, application-code: 142ms)
 GET /login 200 in 147ms (next.js: 21ms, application-code: 126ms)
 GET /login 200 in 132ms (next.js: 5ms, application-code: 127ms)
 GET /login 200 in 160ms (next.js: 4ms, application-code: 156ms)
 GET /login 200 in 135ms (next.js: 5ms, application-code: 130ms)
 GET /login 200 in 125ms (next.js: 6ms, application-code: 119ms)
 GET /login 200 in 120ms (next.js: 5ms, application-code: 115ms)
 GET /login 200 in 121ms (next.js: 25ms, application-code: 97ms)
 GET /login 200 in 126ms (next.js: 3ms, application-code: 122ms)
 GET /login 200 in 223ms (next.js: 5ms, application-code: 219ms)
 GET /login 200 in 207ms (next.js: 3ms, application-code: 204ms)
 GET /login 200 in 187ms (next.js: 8ms, application-code: 179ms)
 GET /login 200 in 194ms (next.js: 7ms, application-code: 187ms)
 GET /login 200 in 195ms (next.js: 31ms, application-code: 164ms)
 GET /login 200 in 177ms (next.js: 6ms, application-code: 171ms)
 GET /login 200 in 188ms (next.js: 9ms, application-code: 179ms)
 GET /login 200 in 123ms (next.js: 8ms, application-code: 115ms)
 GET /login 200 in 119ms (next.js: 28ms, application-code: 91ms)
 GET /login 200 in 94ms (next.js: 7ms, application-code: 87ms)
 GET /login 200 in 95ms (next.js: 26ms, application-code: 68ms)
 GET /login 200 in 54ms (next.js: 4ms, application-code: 51ms)
 GET /login 200 in 131ms (next.js: 5ms, application-code: 126ms)
 GET /login 200 in 131ms (next.js: 10ms, application-code: 121ms)
 GET /login 200 in 133ms (next.js: 47ms, application-code: 87ms)
 GET /login 200 in 128ms (next.js: 59ms, application-code: 69ms)
 GET /login 200 in 130ms (next.js: 23ms, application-code: 107ms)
 GET /login 200 in 49ms (next.js: 3ms, application-code: 45ms)
 GET /login 200 in 27ms (next.js: 4ms, application-code: 22ms)
 GET / 200 in 88ms (next.js: 45ms, application-code: 43ms)
 GET / 200 in 28ms (next.js: 3ms, application-code: 25ms)
 GET /change-impact 200 in 394ms (next.js: 293ms, application-code: 100ms)
 GET /executions 200 in 86ms (next.js: 57ms, application-code: 29ms)
 GET /approvals 200 in 99ms (next.js: 63ms, application-code: 37ms)
 GET /incidents 200 in 225ms (next.js: 159ms, application-code: 66ms)
 GET /chat 200 in 270ms (next.js: 179ms, application-code: 90ms)
 GET /incidents 200 in 39ms (next.js: 5ms, application-code: 34ms)
 GET /chat 200 in 26ms (next.js: 4ms, application-code: 22ms)
